
/var/spool/sge/ies/ies-iesd-grd-19/job_scripts/230783665 -stream 2021.1_ADP1_DEV_installer_porting -projHome /ies/iesd_data3_nb/iesdwa/qualitygates/wa/2021.1_ADP1_DEV_installer_porting/code/iesd -buildFile /ies/iesd_data3_nb/iesdwa/qualitygates/wa/2021.1_ADP1_DEV_installer_porting/code/iesd/cframework_src/tests/build.xml -testlist /ies/iesd_data3_nb/iesdwa/qualitygates/wa/2021.1_ADP1_DEV_installer_porting/code/iesd/chs_home/bld/testjobs.linux/job.459.txt

ARC=lx-amd64
_=/bin/env
CVS_RSH=ssh
DISPLAY=lnx-ies-bld-06.ies.mentorg.com:3
ENVIRONMENT=BATCH
GRID_SCRIPT_TO_EXECUTE=/ies/iesd_data11/iesdgridhome/scripts/prod/BuildScripts/bin/rununittest.pl
HISTCONTROL=ignoredups
HISTSIZE=1000
HOME=/home/iesdgrid
HOSTNAME=ies-iesd-grd-19
IESD_GRIDDATA=/ies/iesd_data11/iesdgridhome/data
IESD_SCRIPTS=/ies/iesd_data11/iesdgridhome/scripts/prod
JOB_ID=230783665
JOB_NAME=gridrunner.sh
JOB_SCRIPT=/var/spool/sge/ies/ies-iesd-grd-19/job_scripts/230783665
KDEDIRS=/usr
LANG=en_US.UTF-8
LESSOPEN=||/usr/bin/lesspipe.sh %s
LOGNAME=iesdgrid
MAIL=/var/spool/mail/iesdgrid
MANPATH=:/opt/puppetlabs/puppet/share/man
NHOSTS=1
NQUEUES=1
NSLOTS=1
PATH=/usr/lib64/qt-3.3/bin:/home/iesdgrid/perl5/bin:/var/spool/sge/ies/tmp/230783665.1.iesd.p:/usr/local/bin:/bin:/usr/bin:/usr/local/sbin:/usr/sbin:/opt/puppetlabs/bin:/home/iesdgrid/opt/intellij/idea-IC-162.2228.15/bin
PERL5LIB=/home/iesdgrid/perl5/lib/perl5:
PERL_LOCAL_LIB_ROOT=:/home/iesdgrid/perl5
PERL_MB_OPT=--install_base /home/iesdgrid/perl5
PERL_MM_OPT=INSTALL_BASE=/home/iesdgrid/perl5
PWD=/home/iesdgrid
QTDIR=/usr/lib64/qt-3.3
QT_GRAPHICSSYSTEM_CHECKED=1
QTINC=/usr/lib64/qt-3.3/include
QTLIB=/usr/lib64/qt-3.3/lib
QT_PLUGIN_PATH=/usr/lib64/kde4/plugins:/usr/lib/kde4/plugins
QUEUE=iesd.p
REQNAME=gridrunner.sh
REQUEST=gridrunner.sh
RESTARTED=0
SGE_ACCOUNT=sge
SGE_ARCH=lx-amd64
SGE_BINARY_PATH=/ies/grid/uge86/bin/lx-amd64
SGE_CELL=default
SGE_CWD_PATH=/home/iesdgrid
SGE_EXECD_PORT=6471
SGE_HGR_memory=5.588G
SGE_JOB_SPOOL_DIR=/var/spool/sge/ies/ies-iesd-grd-19/active_jobs/230783665.1
SGE_O_HOME=/home/iesdgrid
SGE_O_HOST=ies-iesd-grd002
SGE_O_LOGNAME=iesdgrid
SGE_O_MAIL=/var/mail/iesdgrid
SGE_O_PATH=/ies/iesd_data11/iesdgridhome/tools/appsroot/aol/java/jdk-11.0.4/bin:/ies/iesd_data3_nb/iesdwa/qualitygates/wa/2021.1_ADP1_DEV_installer_porting/code/iesd/chs_home/bld/bin:/ies/iesd_data3_nb/iesdwa/qualitygates/wa/2021.1_ADP1_DEV_installer_porting/code/iesd/chs_home/bin:/ies/iesd_data3_nb/iesdwa/qualitygates/wa/2021.1_ADP1_DEV_installer_porting/code/iesd/chs_home/lib:/ies/iesd_data3_nb/iesdwa/qualitygates/wa/2021.1_ADP1_DEV_installer_porting/code/iesd/chs_home/bld/lib:/usr/atria/bin:/ies/grid/uge86/mgc:/ies/grid/uge86/bin/lx-amd64:/usr/local/bin:/usr/bin
SGE_O_SHELL=/bin/ksh
SGE_O_WORKDIR=/tmp/slave/ci01/workspace/SubmitQualityGatesGit
SGE_QMASTER_PORT=6470
SGE_RERUN_JOB=1
SGE_RERUN_REQUESTED=1
SGE_ROOT=/ies/grid/uge86
SGE_STDERR_PATH=/ies/iesd_data3_nb/iesdwa/qualitygates/wa/2021.1_ADP1_DEV_installer_porting/junit_test_result/logs/linux/job.459.log
SGE_STDIN_PATH=/dev/null
SGE_STDOUT_PATH=/ies/iesd_data3_nb/iesdwa/qualitygates/wa/2021.1_ADP1_DEV_installer_porting/junit_test_result/logs/linux/job.459.log
SGE_TASK_FIRST=undefined
SGE_TASK_ID=undefined
SGE_TASK_LAST=undefined
SGE_TASK_STEPSIZE=undefined
SHELL=/bin/sh
SHLVL=1
SSH_ASKPASS=/usr/libexec/openssh/gnome-ssh-askpass
TMPDIR=/var/spool/sge/ies/tmp/230783665.1.iesd.p
TMP=/var/spool/sge/ies/tmp/230783665.1.iesd.p
TZ=UTC
USER=iesdgrid
XDG_DATA_DIRS=/home/iesdgrid/.local/share/flatpak/exports/share:/var/lib/flatpak/exports/share:/usr/local/share:/usr/share
+ export MGC_VCO=aol
+ MGC_VCO=aol
+ export LD_LIBRARY_PATH=/ies/iesd_data11/iesdgridhome/scripts/prod/Modules/aol:
+ LD_LIBRARY_PATH=/ies/iesd_data11/iesdgridhome/scripts/prod/Modules/aol:
+ export PATH=/bin:/usr/lib64/qt-3.3/bin:/home/iesdgrid/perl5/bin:/var/spool/sge/ies/tmp/230783665.1.iesd.p:/usr/local/bin:/bin:/usr/bin:/usr/local/sbin:/usr/sbin:/opt/puppetlabs/bin:/home/iesdgrid/opt/intellij/idea-IC-162.2228.15/bin
+ PATH=/bin:/usr/lib64/qt-3.3/bin:/home/iesdgrid/perl5/bin:/var/spool/sge/ies/tmp/230783665.1.iesd.p:/usr/local/bin:/bin:/usr/bin:/usr/local/sbin:/usr/sbin:/opt/puppetlabs/bin:/home/iesdgrid/opt/intellij/idea-IC-162.2228.15/bin
+ '[' -x /ies/grid/uge86/default/common/settings.sh ']'
+ echo 'Calling perl /ies/iesd_data11/iesdgridhome/scripts/prod/BuildScripts/bin/rununittest.pl -stream' 2021.1_ADP1_DEV_installer_porting -projHome /ies/iesd_data3_nb/iesdwa/qualitygates/wa/2021.1_ADP1_DEV_installer_porting/code/iesd -buildFile /ies/iesd_data3_nb/iesdwa/qualitygates/wa/2021.1_ADP1_DEV_installer_porting/code/iesd/cframework_src/tests/build.xml -testlist '/ies/iesd_data3_nb/iesdwa/qualitygates/wa/2021.1_ADP1_DEV_installer_porting/code/iesd/chs_home/bld/testjobs.linux/job.459.txt '
Calling perl /ies/iesd_data11/iesdgridhome/scripts/prod/BuildScripts/bin/rununittest.pl -stream 2021.1_ADP1_DEV_installer_porting -projHome /ies/iesd_data3_nb/iesdwa/qualitygates/wa/2021.1_ADP1_DEV_installer_porting/code/iesd -buildFile /ies/iesd_data3_nb/iesdwa/qualitygates/wa/2021.1_ADP1_DEV_installer_porting/code/iesd/cframework_src/tests/build.xml -testlist /ies/iesd_data3_nb/iesdwa/qualitygates/wa/2021.1_ADP1_DEV_installer_porting/code/iesd/chs_home/bld/testjobs.linux/job.459.txt 
+ echo 'Fail if file not found '
Fail if file not found 
+ perl /ies/iesd_data11/iesdgridhome/scripts/prod/BuildScripts/bin/rununittest.pl -stream 2021.1_ADP1_DEV_installer_porting -projHome /ies/iesd_data3_nb/iesdwa/qualitygates/wa/2021.1_ADP1_DEV_installer_porting/code/iesd -buildFile /ies/iesd_data3_nb/iesdwa/qualitygates/wa/2021.1_ADP1_DEV_installer_porting/code/iesd/cframework_src/tests/build.xml -testlist /ies/iesd_data3_nb/iesdwa/qualitygates/wa/2021.1_ADP1_DEV_installer_porting/code/iesd/chs_home/bld/testjobs.linux/job.459.txt
-- Tue Jun 22 18:07:52 2021: /ies/iesd_data11/iesdgridhome/scripts/prod/BuildScripts/bin/rununittest.pl -stream 2021.1_ADP1_DEV_installer_porting -projHome /ies/iesd_data3_nb/iesdwa/qualitygates/wa/2021.1_ADP1_DEV_installer_porting/code/iesd -buildFile /ies/iesd_data3_nb/iesdwa/qualitygates/wa/2021.1_ADP1_DEV_installer_porting/code/iesd/cframework_src/tests/build.xml -testlist /ies/iesd_data3_nb/iesdwa/qualitygates/wa/2021.1_ADP1_DEV_installer_porting/code/iesd/chs_home/bld/testjobs.linux/job.459.txt
-- Tue Jun 22 18:07:52 2021: Checking for branch configuration attributes file: '/ies/iesd_data11/iesdgridhome/BranchDataRoot/2021.1_ADP1_DEV_installer_porting/attributes.ini'
-- Tue Jun 22 18:07:52 2021: Branch configuration attributes file does not exist
-- Tue Jun 22 18:07:52 2021: Found /ies/iesd_data3_nb/iesdwa/qualitygates/wa/2021.1_ADP1_DEV_installer_porting/code/iesd/infrastructure_src/src/infra_features.ini. Reading the config with least precedence.
-- Tue Jun 22 18:07:52 2021: TestListExecutor /ies/iesd_data3_nb/iesdwa/qualitygates/wa/2021.1_ADP1_DEV_installer_porting/code/iesd/chs_home/bld/testjobs.linux/job.459.txt STARTED
-- Tue Jun 22 18:07:52 2021: PROJ_HOME=/ies/iesd_data3_nb/iesdwa/qualitygates/wa/2021.1_ADP1_DEV_installer_porting/code/iesd
-- Tue Jun 22 18:07:52 2021: BUILD_HOME=/ies/iesd_data3_nb/iesdwa/qualitygates/wa/2021.1_ADP1_DEV_installer_porting/code/iesd
-- Tue Jun 22 18:07:52 2021: CHS_HOME=/ies/iesd_data3_nb/iesdwa/qualitygates/wa/2021.1_ADP1_DEV_installer_porting/code/iesd/chs_home
-- Tue Jun 22 18:07:52 2021: JAVA_HOME=/ies/iesd_data11/iesdgridhome/tools/appsroot/aol/java/jdk-11.0.4
-- Tue Jun 22 18:07:52 2021: ANT_HOME=/ies/iesd_data3_nb/iesdwa/qualitygates/wa/2021.1_ADP1_DEV_installer_porting/code/iesd/chs_home/bld
-- Tue Jun 22 18:07:52 2021: PATH=/ies/iesd_data3_nb/iesdwa/qualitygates/wa/2021.1_ADP1_DEV_installer_porting/code/iesd/chs_home/bin:/bin:/usr/lib64/qt-3.3/bin:/home/iesdgrid/perl5/bin:/var/spool/sge/ies/tmp/230783665.1.iesd.p:/usr/local/bin:/bin:/usr/bin:/usr/local/sbin:/usr/sbin:/opt/puppetlabs/bin:/home/iesdgrid/opt/intellij/idea-IC-162.2228.15/bin
-- Tue Jun 22 18:07:52 2021: PATH=/ies/iesd_data3_nb/iesdwa/qualitygates/wa/2021.1_ADP1_DEV_installer_porting/code/iesd/chs_home/bld/bin:/ies/iesd_data3_nb/iesdwa/qualitygates/wa/2021.1_ADP1_DEV_installer_porting/code/iesd/chs_home/bin:/bin:/usr/lib64/qt-3.3/bin:/home/iesdgrid/perl5/bin:/var/spool/sge/ies/tmp/230783665.1.iesd.p:/usr/local/bin:/bin:/usr/bin:/usr/local/sbin:/usr/sbin:/opt/puppetlabs/bin:/home/iesdgrid/opt/intellij/idea-IC-162.2228.15/bin
-- Tue Jun 22 18:07:52 2021: PATH=/ies/iesd_data11/iesdgridhome/tools/appsroot/aol/java/jdk-11.0.4/bin:/ies/iesd_data3_nb/iesdwa/qualitygates/wa/2021.1_ADP1_DEV_installer_porting/code/iesd/chs_home/bld/bin:/ies/iesd_data3_nb/iesdwa/qualitygates/wa/2021.1_ADP1_DEV_installer_porting/code/iesd/chs_home/bin:/bin:/usr/lib64/qt-3.3/bin:/home/iesdgrid/perl5/bin:/var/spool/sge/ies/tmp/230783665.1.iesd.p:/usr/local/bin:/bin:/usr/bin:/usr/local/sbin:/usr/sbin:/opt/puppetlabs/bin:/home/iesdgrid/opt/intellij/idea-IC-162.2228.15/bin
-- Tue Jun 22 18:07:52 2021: ANT_OPTS=-Xmx2G -Dfile.encoding=iso-8859-1
-- Tue Jun 22 18:07:52 2021: ant  -Dbuild_vco=aol -Dbuild_env=linux -propertyfile /ies/iesd_data3_nb/iesdwa/qualitygates/wa/2021.1_ADP1_DEV_installer_porting/code/iesd/build.properties -Dchs.build.skiptestexports=true -Dcapital.testlist.path=/ies/iesd_data3_nb/iesdwa/qualitygates/wa/2021.1_ADP1_DEV_installer_porting/code/iesd/chs_home/bld/testjobs.linux/job.459.txt runtestsonlyqg -f /ies/iesd_data3_nb/iesdwa/qualitygates/wa/2021.1_ADP1_DEV_installer_porting/code/iesd/cframework_src/tests/build.xml STARTED
-- Tue Jun 22 18:07:52 2021: /ies/iesd_data3_nb/iesdwa/qualitygates/wa/2021.1_ADP1_DEV_installer_porting/code/iesd/chs_home/bld/bin/ant  -Dbuild_vco=aol -Dbuild_env=linux -propertyfile /ies/iesd_data3_nb/iesdwa/qualitygates/wa/2021.1_ADP1_DEV_installer_porting/code/iesd/build.properties -Dchs.build.skiptestexports=true -Dcapital.testlist.path=/ies/iesd_data3_nb/iesdwa/qualitygates/wa/2021.1_ADP1_DEV_installer_porting/code/iesd/chs_home/bld/testjobs.linux/job.459.txt runtestsonlyqg -f /ies/iesd_data3_nb/iesdwa/qualitygates/wa/2021.1_ADP1_DEV_installer_porting/code/iesd/cframework_src/tests/build.xml
Buildfile: /ies/iesd_data3_nb/iesdwa/qualitygates/wa/2021.1_ADP1_DEV_installer_porting/code/iesd/cframework_src/tests/build.xml
Trying to override old definition of task jar
   [script] Warning: Nashorn engine is planned to be removed from a future JDK release

initJaCoCoExecFilePerJob:
     [echo] jacoco.execfileprefix = linux.job.459

-os-init-linux:
     [echo] Reset to include attachlistener
[propertyreset] Warning: Nashorn engine is planned to be removed from a future JDK release
[propertyreset] Warning: Nashorn engine is planned to be removed from a future JDK release
[propertyreset] Warning: Nashorn engine is planned to be removed from a future JDK release
[propertyreset] Warning: Nashorn engine is planned to be removed from a future JDK release
[propertyreset] Warning: Nashorn engine is planned to be removed from a future JDK release
     [echo] capital.skiplookandfeel=true 

extendedtestsinit:
[propertyreset] Warning: Nashorn engine is planned to be removed from a future JDK release
     [echo] Test results directory, /ies/iesd_data3_nb/iesdwa/qualitygates/wa/2021.1_ADP1_DEV_installer_porting/code/iesd/chs_home/bld/testresults/framework exists.

instrument:

runtestsonlyqg:
     [echo] Running runtestsonly from TestTargets - called from CAF Tests /ies/iesd_data3_nb/iesdwa/qualitygates/wa/2021.1_ADP1_DEV_installer_porting/code/iesd/cframework_src/tests/build.xml
[readtestlist] Found 15 test classes in testlist '/ies/iesd_data3_nb/iesdwa/qualitygates/wa/2021.1_ADP1_DEV_installer_porting/code/iesd/chs_home/bld/testjobs.linux/job.459.txt'
    [junit] Running chs.teamplay.TeamPlayFilterComboBoxTest
    [junit] 
    [junit] (java:25401): dbind-WARNING **: 18:08:11.572: Couldn't connect to accessibility bus: Failed to connect to socket /tmp/dbus-klZWp9lbvp: Connection refused
    [junit] Tests run: 2, Failures: 0, Errors: 0, Skipped: 0, Time elapsed: 10.245 sec
    [junit] Running chs.teamplay.TeamPlayPermissionChecksTest
    [junit] Tests run: 23, Failures: 0, Errors: 0, Skipped: 0, Time elapsed: 11.853 sec
    [junit] Running chs.teamplay.TeamPlayTabTest
    [junit] 
    [junit] (java:27063): dbind-WARNING **: 18:08:41.188: Couldn't connect to accessibility bus: Failed to connect to socket /tmp/dbus-klZWp9lbvp: Connection refused
    [junit] Tests run: 21, Failures: 0, Errors: 0, Skipped: 0, Time elapsed: 21.382 sec
    [junit] Running chs.teamplay.TeamPlayTickleUIListenerTest
    [junit] Tests run: 2, Failures: 0, Errors: 0, Skipped: 0, Time elapsed: 10.079 sec
    [junit] Running chs.teamplay.checklist.ChecklistTabTest
    [junit] 
    [junit] (java:29125): dbind-WARNING **: 18:09:22.164: Couldn't connect to accessibility bus: Failed to connect to socket /tmp/dbus-klZWp9lbvp: Connection refused
    [junit] Tests run: 5, Failures: 0, Errors: 0, Skipped: 0, Time elapsed: 11.462 sec
    [junit] Exception in thread "JavaFX Application Thread" java.lang.NullPointerException
    [junit] 	at com.sun.javafx.webkit.prism.WCFontImpl.getFont(WCFontImpl.java:54)
    [junit] 	at com.sun.javafx.webkit.prism.PrismGraphicsManager.getWCFont(PrismGraphicsManager.java:84)
    [junit] 	at com.sun.webkit.WebPage.twkInit(Native Method)
    [junit] 	at com.sun.webkit.WebPage.<init>(WebPage.java:192)
    [junit] 	at javafx.scene.web.WebEngine.<init>(WebEngine.java:841)
    [junit] 	at javafx.scene.web.WebEngine.<init>(WebEngine.java:826)
    [junit] 	at javafx.scene.web.WebView.<init>(WebView.java:260)
    [junit] 	at chs.teamplay.TeamPlayTab.lambda$new$0(TeamPlayTab.java:97)
    [junit] 	at com.sun.javafx.application.PlatformImpl.lambda$runLater$10(PlatformImpl.java:428)
    [junit] 	at java.base/java.security.AccessController.doPrivileged(Native Method)
    [junit] 	at com.sun.javafx.application.PlatformImpl.lambda$runLater$11(PlatformImpl.java:427)
    [junit] 	at com.sun.glass.ui.InvokeLaterDispatcher$Future.run(InvokeLaterDispatcher.java:96)
    [junit] 	at com.sun.glass.ui.gtk.GtkApplication._runLoop(Native Method)
    [junit] 	at com.sun.glass.ui.gtk.GtkApplication.lambda$runLoop$11(GtkApplication.java:277)
    [junit] 	at java.base/java.lang.Thread.run(Thread.java:834)
    [junit] Exception in thread "JavaFX Application Thread" java.lang.NullPointerException
    [junit] 	at com.sun.javafx.webkit.prism.WCFontImpl.getFont(WCFontImpl.java:54)
    [junit] 	at com.sun.javafx.webkit.prism.PrismGraphicsManager.getWCFont(PrismGraphicsManager.java:84)
    [junit] 	at com.sun.webkit.WebPage.twkInit(Native Method)
    [junit] 	at com.sun.webkit.WebPage.<init>(WebPage.java:192)
    [junit] #
    [junit] 	at javafx.scene.web.WebEngine.<init>(WebEngine.java:841)
    [junit] # A fatal error has been detected by the Java Runtime Environment:
    [junit] 	at javafx.scene.web.WebEngine.<init>(WebEngine.java:826)
    [junit] #
    [junit] 	at javafx.scene.web.WebView.<init>(WebView.java:260)
    [junit] #  SIGSEGV (0xb) at pc=0x00002b6931520d46, pid=29125, tid=29570
    [junit] 	at chs.teamplay.TeamPlayTab.lambda$new$0(TeamPlayTab.java:97)
    [junit] #
    [junit] 	at com.sun.javafx.application.PlatformImpl.lambda$runLater$10(PlatformImpl.java:428)
    [junit] # JRE version: OpenJDK Runtime Environment (11.0.4+11) (build 11.0.4-ojdkbuild+11)
    [junit] 	at java.base/java.security.AccessController.doPrivileged(Native Method)
    [junit] # Java VM: OpenJDK 64-Bit Server VM (11.0.4-ojdkbuild+11, mixed mode, tiered, compressed oops, g1 gc, linux-amd64)
    [junit] 	at com.sun.javafx.application.PlatformImpl.lambda$runLater$11(PlatformImpl.java:427)
    [junit] # Problematic frame:
    [junit] 	at com.sun.glass.ui.InvokeLaterDispatcher$Future.run(InvokeLaterDispatcher.java:96)
    [junit] 	at com.sun.glass.ui.gtk.GtkApplication._runLoop(Native Method)
    [junit] 	at com.sun.glass.ui.gtk.GtkApplication.lambda$runLoop$11(GtkApplication.java:277)
    [junit] 	at java.base/java.lang.Thread.run(Thread.java:834)
    [junit] # C  [libjfxwebkit.so+0x1520d46]  WebCore::FontCache::lastResortFallbackFont(WebCore::FontDescription const&)+0x66
    [junit] #
    [junit] # Core dump will be written. Default location: /ies/iesd_data12_nb/qualitygates/iesd-21.1/2021.1_ADP1_DEV_installer_porting/code/iesd/core.29125
    [junit] #
    [junit] # An error report file with more information is saved as:
    [junit] # /ies/iesd_data12_nb/qualitygates/iesd-21.1/2021.1_ADP1_DEV_installer_porting/code/iesd/hs_err_pid29125.log
    [junit] Compiled method (c1)   15950 3027  s    3       java.io.BufferedOutputStream::flush (12 bytes)
    [junit]  total in heap  [0x00002b680951ee10,0x00002b680951f600] = 2032
    [junit]  relocation     [0x00002b680951ef88,0x00002b680951efe8] = 96
    [junit]  main code      [0x00002b680951f000,0x00002b680951f440] = 1088
    [junit]  stub code      [0x00002b680951f440,0x00002b680951f4f8] = 184
    [junit]  metadata       [0x00002b680951f4f8,0x00002b680951f510] = 24
    [junit]  scopes data    [0x00002b680951f510,0x00002b680951f550] = 64
    [junit]  scopes pcs     [0x00002b680951f550,0x00002b680951f5e0] = 144
    [junit]  dependencies   [0x00002b680951f5e0,0x00002b680951f5e8] = 8
    [junit]  nul chk table  [0x00002b680951f5e8,0x00002b680951f600] = 24
    [junit] #
    [junit] # If you would like to submit a bug report, please visit:
    [junit] #   http://bugreport.java.com/bugreport/crash.jsp
    [junit] # The crash happened outside the Java Virtual Machine in native code.
    [junit] # See problematic frame for where to report the bug.
    [junit] #
    [junit] Test chs.teamplay.checklist.ChecklistTabTest FAILED
    [junit] Running chs.teamplay.comments.ChecklistsTabEditingTest
    [junit] 
    [junit] (java:29760): dbind-WARNING **: 18:09:42.492: Couldn't connect to accessibility bus: Failed to connect to socket /tmp/dbus-klZWp9lbvp: Connection refused
    [junit] Tests run: 3, Failures: 0, Errors: 0, Skipped: 0, Time elapsed: 11.054 sec
    [junit] Running chs.teamplay.comments.CommentsEmailHTMLGeneratorTest
    [junit] Tests run: 3, Failures: 0, Errors: 0, Skipped: 0, Time elapsed: 9.906 sec
    [junit] Running chs.teamplay.comments.CommentsTabEditingTest
    [junit] 
    [junit] (java:31686): dbind-WARNING **: 18:10:11.826: Couldn't connect to accessibility bus: Failed to connect to socket /tmp/dbus-klZWp9lbvp: Connection refused
    [junit] Exception in thread "JavaFX Application Thread" java.lang.NullPointerException
    [junit] 	at com.sun.javafx.webkit.prism.WCFontImpl.getFont(WCFontImpl.java:54)
    [junit] 	at com.sun.javafx.webkit.prism.PrismGraphicsManager.getWCFont(PrismGraphicsManager.java:84)
    [junit] 	at com.sun.webkit.WebPage.twkInit(Native Method)
    [junit] 	at com.sun.webkit.WebPage.<init>(WebPage.java:192)
    [junit] 	at javafx.scene.web.WebEngine.<init>(WebEngine.java:841)
    [junit] 	at javafx.scene.web.WebEngine.<init>(WebEngine.java:826)
    [junit] 	at javafx.scene.web.WebView.<init>(WebView.java:260)
    [junit] 	at chs.teamplay.TeamPlayTab.lambda$new$0(TeamPlayTab.java:97)
    [junit] 	at com.sun.javafx.application.PlatformImpl.lambda$runLater$10(PlatformImpl.java:428)
    [junit] 	at java.base/java.security.AccessController.doPrivileged(Native Method)
    [junit] 	at com.sun.javafx.application.PlatformImpl.lambda$runLater$11(PlatformImpl.java:427)
    [junit] 	at com.sun.glass.ui.InvokeLaterDispatcher$Future.run(InvokeLaterDispatcher.java:96)
    [junit] 	at com.sun.glass.ui.gtk.GtkApplication._runLoop(Native Method)
    [junit] 	at com.sun.glass.ui.gtk.GtkApplication.lambda$runLoop$11(GtkApplication.java:277)
    [junit] 	at java.base/java.lang.Thread.run(Thread.java:834)
    [junit] Exception in thread "JavaFX Application Thread" java.lang.NullPointerException
    [junit] 	at com.sun.javafx.webkit.prism.WCFontImpl.getFont(WCFontImpl.java:54)
    [junit] 	at com.sun.javafx.webkit.prism.PrismGraphicsManager.getWCFont(PrismGraphicsManager.java:84)
    [junit] 	at com.sun.webkit.WebPage.twkInit(Native Method)
    [junit] 	at com.sun.webkit.WebPage.<init>(WebPage.java:192)
    [junit] 	at javafx.scene.web.WebEngine.<init>(WebEngine.java:841)
    [junit] 	at javafx.scene.web.WebEngine.<init>(WebEngine.java:826)
    [junit] 	at javafx.scene.web.WebView.<init>(WebView.java:260)
    [junit] 	at chs.teamplay.TeamPlayTab.lambda$new$0(TeamPlayTab.java:97)
    [junit] 	at com.sun.javafx.application.PlatformImpl.lambda$runLater$10(PlatformImpl.java:428)
    [junit] 	at java.base/java.security.AccessController.doPrivileged(Native Method)
    [junit] 	at com.sun.javafx.application.PlatformImpl.lambda$runLater$11(PlatformImpl.java:427)
    [junit] 	at com.sun.glass.ui.InvokeLaterDispatcher$Future.run(InvokeLaterDispatcher.java:96)
    [junit] 	at com.sun.glass.ui.gtk.GtkApplication._runLoop(Native Method)
    [junit] 	at com.sun.glass.ui.gtk.GtkApplication.lambda$runLoop$11(GtkApplication.java:277)
    [junit] 	at java.base/java.lang.Thread.run(Thread.java:834)
    [junit] Exception in thread "JavaFX Application Thread" java.lang.NullPointerException
    [junit] 	at com.sun.javafx.webkit.prism.WCFontImpl.getFont(WCFontImpl.java:54)
    [junit] 	at com.sun.javafx.webkit.prism.PrismGraphicsManager.getWCFont(PrismGraphicsManager.java:84)
    [junit] 	at com.sun.webkit.WebPage.twkInit(Native Method)
    [junit] 	at com.sun.webkit.WebPage.<init>(WebPage.java:192)
    [junit] 	at javafx.scene.web.WebEngine.<init>(WebEngine.java:841)
    [junit] 	at javafx.scene.web.WebEngine.<init>(WebEngine.java:826)
    [junit] 	at javafx.scene.web.WebView.<init>(WebView.java:260)
    [junit] 	at chs.teamplay.TeamPlayTab.lambda$new$0(TeamPlayTab.java:97)
    [junit] 	at com.sun.javafx.application.PlatformImpl.lambda$runLater$10(PlatformImpl.java:428)
    [junit] 	at java.base/java.security.AccessController.doPrivileged(Native Method)
    [junit] 	at com.sun.javafx.application.PlatformImpl.lambda$runLater$11(PlatformImpl.java:427)
    [junit] 	at com.sun.glass.ui.InvokeLaterDispatcher$Future.run(InvokeLaterDispatcher.java:96)
    [junit] 	at com.sun.glass.ui.gtk.GtkApplication._runLoop(Native Method)
    [junit] 	at com.sun.glass.ui.gtk.GtkApplication.lambda$runLoop$11(GtkApplication.java:277)
    [junit] 	at java.base/java.lang.Thread.run(Thread.java:834)
    [junit] Tests run: 3, Failures: 0, Errors: 0, Skipped: 0, Time elapsed: 10.689 sec
    [junit] #
    [junit] # A fatal error has been detected by the Java Runtime Environment:
    [junit] #
    [junit] #  SIGSEGV (0xb) at pc=0x00002b30361eed46, pid=31686, tid=536
    [junit] #
    [junit] # JRE version: OpenJDK Runtime Environment (11.0.4+11) (build 11.0.4-ojdkbuild+11)
    [junit] # Java VM: OpenJDK 64-Bit Server VM (11.0.4-ojdkbuild+11, mixed mode, tiered, compressed oops, g1 gc, linux-amd64)
    [junit] # Problematic frame:
    [junit] # C  [libjfxwebkit.so+0x1520d46]  WebCore::FontCache::lastResortFallbackFont(WebCore::FontDescription const&)+0x66
    [junit] #
    [junit] # Core dump will be written. Default location: /ies/iesd_data12_nb/qualitygates/iesd-21.1/2021.1_ADP1_DEV_installer_porting/code/iesd/core.31686
    [junit] #
    [junit] # An error report file with more information is saved as:
    [junit] # /ies/iesd_data12_nb/qualitygates/iesd-21.1/2021.1_ADP1_DEV_installer_porting/code/iesd/hs_err_pid31686.log
    [junit] Compiled method (c1)   14300 3352  s    3       java.io.BufferedOutputStream::flush (12 bytes)
    [junit]  total in heap  [0x00002b2f11612a10,0x00002b2f11613200] = 2032
    [junit]  relocation     [0x00002b2f11612b88,0x00002b2f11612be8] = 96
    [junit]  main code      [0x00002b2f11612c00,0x00002b2f11613040] = 1088
    [junit]  stub code      [0x00002b2f11613040,0x00002b2f116130f8] = 184
    [junit]  metadata       [0x00002b2f116130f8,0x00002b2f11613110] = 24
    [junit]  scopes data    [0x00002b2f11613110,0x00002b2f11613150] = 64
    [junit]  scopes pcs     [0x00002b2f11613150,0x00002b2f116131e0] = 144
    [junit]  dependencies   [0x00002b2f116131e0,0x00002b2f116131e8] = 8
    [junit]  nul chk table  [0x00002b2f116131e8,0x00002b2f11613200] = 24
    [junit] #
    [junit] # If you would like to submit a bug report, please visit:
    [junit] #   http://bugreport.java.com/bugreport/crash.jsp
    [junit] # The crash happened outside the Java Virtual Machine in native code.
    [junit] # See problematic frame for where to report the bug.
    [junit] #
    [junit] Test chs.teamplay.comments.CommentsTabEditingTest FAILED
    [junit] Running chs.teamplay.comments.CommentsTabTest
    [junit] 
    [junit] (java:769): dbind-WARNING **: 18:10:30.778: Couldn't connect to accessibility bus: Failed to connect to socket /tmp/dbus-klZWp9lbvp: Connection refused
    [junit] Tests run: 10, Failures: 0, Errors: 0, Skipped: 0, Time elapsed: 15.226 sec
    [junit] Running chs.teamplay.comments.NotesTabEditingTest
    [junit] 
    [junit] (java:1541): dbind-WARNING **: 18:10:50.187: Couldn't connect to accessibility bus: Failed to connect to socket /tmp/dbus-klZWp9lbvp: Connection refused
    [junit] Tests run: 3, Failures: 0, Errors: 0, Skipped: 0, Time elapsed: 11.018 sec
    [junit] #
    [junit] # A fatal error has been detected by the Java Runtime Environment:
    [junit] #
    [junit] #  SIGSEGV (0xb) at pc=0x00002adf9d520d46, pid=1541, tid=2320
    [junit] #
    [junit] # JRE version: OpenJDK Runtime Environment (11.0.4+11) (build 11.0.4-ojdkbuild+11)
    [junit] # Java VM: OpenJDK 64-Bit Server VM (11.0.4-ojdkbuild+11, mixed mode, tiered, compressed oops, g1 gc, linux-amd64)
    [junit] # Problematic frame:
    [junit] # C  [libjfxwebkit.so+0x1520d46]  WebCore::FontCache::lastResortFallbackFont(WebCore::FontDescription const&)+0x66
    [junit] #
    [junit] # Core dump will be written. Default location: /ies/iesd_data12_nb/qualitygates/iesd-21.1/2021.1_ADP1_DEV_installer_porting/code/iesd/core.1541
    [junit] #
    [junit] # An error report file with more information is saved as:
    [junit] # /ies/iesd_data12_nb/qualitygates/iesd-21.1/2021.1_ADP1_DEV_installer_porting/code/iesd/hs_err_pid1541.log
    [junit] Compiled method (c1)   14774 3131       3       java.io.OutputStream::flush (1 bytes)
    [junit] Exception in thread "JavaFX Application Thread" java.lang.NullPointerException
    [junit]  total in heap  [0x00002ade7686d790,0x00002ade7686dae0] = 848
    [junit] 	at com.sun.javafx.webkit.prism.WCFontImpl.getFont(WCFontImpl.java:54)
    [junit]  relocation     [0x00002ade7686d908,0x00002ade7686d930] = 40
    [junit] 	at com.sun.javafx.webkit.prism.PrismGraphicsManager.getWCFont(PrismGraphicsManager.java:84)
    [junit]  main code      [0x00002ade7686d940,0x00002ade7686da00] = 192
    [junit] 	at com.sun.webkit.WebPage.twkInit(Native Method)
    [junit]  stub code      [0x00002ade7686da00,0x00002ade7686da90] = 144
    [junit] 	at com.sun.webkit.WebPage.<init>(WebPage.java:192)
    [junit]  metadata       [0x00002ade7686da90,0x00002ade7686da98] = 8
    [junit] 	at javafx.scene.web.WebEngine.<init>(WebEngine.java:841)
    [junit]  scopes data    [0x00002ade7686da98,0x00002ade7686daa8] = 16
    [junit] 	at javafx.scene.web.WebEngine.<init>(WebEngine.java:826)
    [junit]  scopes pcs     [0x00002ade7686daa8,0x00002ade7686dad8] = 48
    [junit] 	at javafx.scene.web.WebView.<init>(WebView.java:260)
    [junit]  dependencies   [0x00002ade7686dad8,0x00002ade7686dae0] = 8
    [junit] 	at chs.teamplay.TeamPlayTab.lambda$new$0(TeamPlayTab.java:97)
    [junit] 	at com.sun.javafx.application.PlatformImpl.lambda$runLater$10(PlatformImpl.java:428)
    [junit] 	at java.base/java.security.AccessController.doPrivileged(Native Method)
    [junit] 	at com.sun.javafx.application.PlatformImpl.lambda$runLater$11(PlatformImpl.java:427)
    [junit] 	at com.sun.glass.ui.InvokeLaterDispatcher$Future.run(InvokeLaterDispatcher.java:96)
    [junit] 	at com.sun.glass.ui.gtk.GtkApplication._runLoop(Native Method)
    [junit] 	at com.sun.glass.ui.gtk.GtkApplication.lambda$runLoop$11(GtkApplication.java:277)
    [junit] 	at java.base/java.lang.Thread.run(Thread.java:834)
    [junit] Exception in thread "JavaFX Application Thread" java.lang.NullPointerException
    [junit] 	at com.sun.javafx.webkit.prism.WCFontImpl.getFont(WCFontImpl.java:54)
    [junit] 	at com.sun.javafx.webkit.prism.PrismGraphicsManager.getWCFont(PrismGraphicsManager.java:84)
    [junit] 	at com.sun.webkit.WebPage.twkInit(Native Method)
    [junit] 	at com.sun.webkit.WebPage.<init>(WebPage.java:192)
    [junit] 	at javafx.scene.web.WebEngine.<init>(WebEngine.java:841)
    [junit] 	at javafx.scene.web.WebEngine.<init>(WebEngine.java:826)
    [junit] 	at javafx.scene.web.WebView.<init>(WebView.java:260)
    [junit] 	at chs.teamplay.TeamPlayTab.lambda$new$0(TeamPlayTab.java:97)
    [junit] 	at com.sun.javafx.application.PlatformImpl.lambda$runLater$10(PlatformImpl.java:428)
    [junit] 	at java.base/java.security.AccessController.doPrivileged(Native Method)
    [junit] 	at com.sun.javafx.application.PlatformImpl.lambda$runLater$11(PlatformImpl.java:427)
    [junit] 	at com.sun.glass.ui.InvokeLaterDispatcher$Future.run(InvokeLaterDispatcher.java:96)
    [junit] 	at com.sun.glass.ui.gtk.GtkApplication._runLoop(Native Method)
    [junit] 	at com.sun.glass.ui.gtk.GtkApplication.lambda$runLoop$11(GtkApplication.java:277)
    [junit] 	at java.base/java.lang.Thread.run(Thread.java:834)
    [junit] Exception in thread "JavaFX Application Thread" java.lang.NullPointerException
    [junit] 	at com.sun.javafx.webkit.prism.WCFontImpl.getFont(WCFontImpl.java:54)
    [junit] 	at com.sun.javafx.webkit.prism.PrismGraphicsManager.getWCFont(PrismGraphicsManager.java:84)
    [junit] 	at com.sun.webkit.WebPage.twkInit(Native Method)
    [junit] 	at com.sun.webkit.WebPage.<init>(WebPage.java:192)
    [junit] 	at javafx.scene.web.WebEngine.<init>(WebEngine.java:841)
    [junit] 	at javafx.scene.web.WebEngine.<init>(WebEngine.java:826)
    [junit] 	at javafx.scene.web.WebView.<init>(WebView.java:260)
    [junit] 	at chs.teamplay.TeamPlayTab.lambda$new$0(TeamPlayTab.java:97)
    [junit] 	at com.sun.javafx.application.PlatformImpl.lambda$runLater$10(PlatformImpl.java:428)
    [junit] 	at java.base/java.security.AccessController.doPrivileged(Native Method)
    [junit] 	at com.sun.javafx.application.PlatformImpl.lambda$runLater$11(PlatformImpl.java:427)
    [junit] 	at com.sun.glass.ui.InvokeLaterDispatcher$Future.run(InvokeLaterDispatcher.java:96)
    [junit] 	at com.sun.glass.ui.gtk.GtkApplication._runLoop(Native Method)
    [junit] 	at com.sun.glass.ui.gtk.GtkApplication.lambda$runLoop$11(GtkApplication.java:277)
    [junit] 	at java.base/java.lang.Thread.run(Thread.java:834)
    [junit] #
    [junit] # If you would like to submit a bug report, please visit:
    [junit] #   http://bugreport.java.com/bugreport/crash.jsp
    [junit] # The crash happened outside the Java Virtual Machine in native code.
    [junit] # See problematic frame for where to report the bug.
    [junit] #
    [junit] Test chs.teamplay.comments.NotesTabEditingTest FAILED
    [junit] Running chs.teamplay.comments.ResolvedCommentsEmailHTMLGeneratorTest
    [junit] Tests run: 2, Failures: 0, Errors: 0, Skipped: 0, Time elapsed: 9.016 sec
    [junit] Running chs.teamplay.common.BlinkActiveJFXDialogTest
    [junit] 
    [junit] (java:3835): dbind-WARNING **: 18:11:20.648: Couldn't connect to accessibility bus: Failed to connect to socket /tmp/dbus-klZWp9lbvp: Connection refused
    [junit] Tests run: 3, Failures: 0, Errors: 0, Skipped: 0, Time elapsed: 10.893 sec
    [junit] Running chs.teamplay.common.FilterDeletedObjectsFunctionTest
    [junit] Tests run: 3, Failures: 0, Errors: 0, Skipped: 0, Time elapsed: 8.83 sec
    [junit] Running chs.teamplay.common.HTMLViewSearchHandlerTest
    [junit] Tests run: 10, Failures: 0, Errors: 0, Skipped: 0, Time elapsed: 10.104 sec
    [junit] Running chs.teamplay.common.HyperlinkActionTypeTest
    [junit] Tests run: 20, Failures: 0, Errors: 0, Skipped: 0, Time elapsed: 9.093 sec

BUILD SUCCESSFUL
Total time: 4 minutes 8 seconds
-- Tue Jun 22 18:12:02 2021: ant  -Dbuild_vco=aol -Dbuild_env=linux -propertyfile /ies/iesd_data3_nb/iesdwa/qualitygates/wa/2021.1_ADP1_DEV_installer_porting/code/iesd/build.properties -Dchs.build.skiptestexports=true -Dcapital.testlist.path=/ies/iesd_data3_nb/iesdwa/qualitygates/wa/2021.1_ADP1_DEV_installer_porting/code/iesd/chs_home/bld/testjobs.linux/job.459.txt runtestsonlyqg -f /ies/iesd_data3_nb/iesdwa/qualitygates/wa/2021.1_ADP1_DEV_installer_porting/code/iesd/cframework_src/tests/build.xml DONE in 250178ms
-- Tue Jun 22 18:12:02 2021: TestListExecutor /ies/iesd_data3_nb/iesdwa/qualitygates/wa/2021.1_ADP1_DEV_installer_porting/code/iesd/chs_home/bld/testjobs.linux/job.459.txt DONE in 250209ms
-- Tue Jun 22 18:12:02 2021: /ies/iesd_data11/iesdgridhome/scripts/prod/BuildScripts/bin/rununittest.pl DONE - exit code : 0
