-- Wed May  5 01:13:43 2021: G:/iesdwa/qualitygates/wa/2021.1_ADP1_INT/code/iesd/chs_home/bld/bin/ant -propertyfile G:/iesdwa/qualitygates/wa/2021.1_ADP1_INT/code/iesd/build.windows.properties -Dsrc_file="C:/repos/iesd/chs_home.zip" -Dchecksum_file="G:/iesdwa/qualitygates/wa/2021.1_ADP1_INT/code/iesd/chs_home.zip.MD5"  verify-checksum -f G:/iesdwa/qualitygates/wa/2021.1_ADP1_INT/code/iesd/infrastructure_src/src/build.xml
Buildfile: G:\iesdwa\qualitygates\wa\2021.1_ADP1_INT\code\iesd\infrastructure_src\src\build.xml
Trying to override old definition of task jar

verify-checksum:
     [echo] Generated checksum of source - 5b00a840259e7ddbdae07d9d55b95da1
     [echo] Generated checksum of dest   - a3b35abe90de6739ca43515a39d120ab
     [echo] Checksum does not match? : true

BUILD FAILED
G:\iesdwa\qualitygates\wa\2021.1_ADP1_INT\code\iesd\infrastructure_src\src\build.xml:1821: Checksum mismatch between C:/repos/iesd/chs_home.zip : a3b35abe90de6739ca43515a39d120ab and G:/iesdwa/qualitygates/wa/2021.1_ADP1_INT/code/iesd/chs_home.zip.MD5 : 5b00a840259e7ddbdae07d9d55b95da1

Total time: 55 seconds
-- Wed May  5 01:14:47 2021: G:/iesdwa/qualitygates/wa/2021.1_ADP1_INT/code/iesd/chs_home/bld/bin/ant -propertyfile G:/iesdwa/qualitygates/wa/2021.1_ADP1_INT/code/iesd/build.windows.properties -Dget-file-url="http://ies-iesd-qgweb.ies.mentorg.com:8080/qualitygates/wa/2021.1_ADP1_INT/code/iesd/chs_home.zip" -Dget-file-dest="C:/repos/iesd/chs_home.zip" get-file -f G:/iesdwa/qualitygates/wa/2021.1_ADP1_INT/code/iesd/infrastructure_src/src/build.xml
Buildfile: G:\iesdwa\qualitygates\wa\2021.1_ADP1_INT\code\iesd\infrastructure_src\src\build.xml
Trying to override old definition of task jar

get-file:
      [get] Getting: http://ies-iesd-qgweb.ies.mentorg.com:8080/qualitygates/wa/2021.1_ADP1_INT/code/iesd/chs_home.zip
      [get] To: C:\repos\iesd\chs_home.zip

BUILD SUCCESSFUL
Total time: 55 seconds
-- Wed May  5 01:15:46 2021: G:/iesdwa/qualitygates/wa/2021.1_ADP1_INT/code/iesd/chs_home/bld/bin/ant -propertyfile G:/iesdwa/qualitygates/wa/2021.1_ADP1_INT/code/iesd/build.windows.properties -Dsrc_file="C:/repos/iesd/chs_home.zip" -Dchecksum_file="G:/iesdwa/qualitygates/wa/2021.1_ADP1_INT/code/iesd/chs_home.zip.MD5"  verify-checksum -f G:/iesdwa/qualitygates/wa/2021.1_ADP1_INT/code/iesd/infrastructure_src/src/build.xml
Buildfile: G:\iesdwa\qualitygates\wa\2021.1_ADP1_INT\code\iesd\infrastructure_src\src\build.xml
Trying to override old definition of task jar

verify-checksum:
     [echo] Generated checksum of source - 5b00a840259e7ddbdae07d9d55b95da1
     [echo] Generated checksum of dest   - 5b00a840259e7ddbdae07d9d55b95da1
     [echo] Checksum does not match? : ${checksumDoesNotMatch}

BUILD SUCCESSFUL
Total time: 1 minute 17 seconds
-- Wed May  5 01:17:06 2021: IESD::ChsHomeUtil::downloadAndExtractBuildZip - Deleting chs_home dir: C:/repos/iesd/chs_home.
-- Wed May  5 01:17:32 2021: Directory 'C:/repos/iesd/chs_home' deleted.
-- Wed May  5 01:17:32 2021: Total time: 25.620 seconds
-- Wed May  5 01:17:32 2021: 7z x C:/repos/iesd/chs_home.zip -y -oC:/repos/iesd/chs_home
-- Wed May  5 01:18:35 2021: Total time: 62.590 seconds
-- Wed May  5 01:18:35 2021: C:/repos/iesd/chs_home/bld/bin/ant -propertyfile G:/iesdwa/qualitygates/wa/2021.1_ADP1_INT/code/iesd/build.windows.properties -Dchshome=C:/repos/iesd/chs_home -Dchs.home=C:/repos/iesd/chs_home -Dchsbuildtools_home=C:/repos/iesd/chs_home/bld -Dtest.results.base=G:/iesdwa/qualitygates/wa/2021.1_ADP1_INT/code/iesd/chs_home/bld/testresults  -Dchs.build.skiptestexports=true -Dcapital.testlist.path=G:/iesdwa/qualitygates/wa/2021.1_ADP1_INT/code/iesd/chs_home/bld/testjobs.windows/job.1.txt runtestsonlyqg -f G:/iesdwa/qualitygates/wa/2021.1_ADP1_INT/code/iesd/interfaces_src/tests/build.xml
Buildfile: G:\iesdwa\qualitygates\wa\2021.1_ADP1_INT\code\iesd\interfaces_src\tests\build.xml
Trying to override old definition of task jar
   [script] Warning: Nashorn engine is planned to be removed from a future JDK release

initJaCoCoExecFilePerJob:
     [echo] jacoco.execfileprefix = windows.job.1

-os-init-linux:

extendedtestsinit:
[propertyreset] Warning: Nashorn engine is planned to be removed from a future JDK release
     [echo] Test results directory, G:/iesdwa/qualitygates/wa/2021.1_ADP1_INT/code/iesd/chs_home/bld/testresults/interfaces exists.

instrument:

runtestsonlyqg:
     [echo] Running runtestsonly from TestTargets - called from Interfaces Tests G:\iesdwa\qualitygates\wa\2021.1_ADP1_INT\code\iesd\interfaces_src\tests\build.xml
[readtestlist] Found 35 test classes in testlist 'G:\iesdwa\qualitygates\wa\2021.1_ADP1_INT\code\iesd\chs_home\bld\testjobs.windows\job.1.txt'
    [junit] Running chs.common.attr.AttributeEnumIdentifiersTest
    [junit] Tests run: 1, Failures: 0, Errors: 0, Skipped: 0, Time elapsed: 4.536 sec
    [junit] Running chs.ctf.ui.utility.statusmessage.StatusAPIEnumCheckTest
    [junit] Tests run: 1, Failures: 0, Errors: 0, Skipped: 0, Time elapsed: 0.728 sec
    [junit] Running chs.jce.acceptancetest.JCEChecksumsMatchesExpectedValuesTest
    [junit] Tests run: 4, Failures: 0, Errors: 0, Skipped: 2, Time elapsed: 1.065 sec
    [junit] Running chs.logon.OAuthLoginDialogTest
    [junit] Tests run: 18, Failures: 0, Errors: 0, Skipped: 0, Time elapsed: 6.122 sec
    [junit] Running chs.logon.OAuthSSOStrategyTest
    [junit] Tests run: 4, Failures: 0, Errors: 0, Skipped: 0, Time elapsed: 2.23 sec
    [junit] Running chs.recording.processor.harnessxc.HarnessXCRecordProcessorsTest
    [junit] Tests run: 793, Failures: 0, Errors: 0, Skipped: 0, Time elapsed: 69.018 sec
    [junit] Running chs.recording.processor.logic.LogicRecordProcessorsTest
    [junit] Tests run: 5, Failures: 0, Errors: 0, Skipped: 0, Time elapsed: 1.155 sec
    [junit] Running chs.recording.processor.sbom.SBOMRecordProcessorsTest
    [junit] Tests run: 65, Failures: 0, Errors: 0, Skipped: 0, Time elapsed: 6.48 sec
    [junit] Running chs.recording.processor.workbooks.WorkbooksRecordProcessorsTest
    [junit] Tests run: 3, Failures: 0, Errors: 0, Skipped: 0, Time elapsed: 0.708 sec
    [junit] Running chs.update.server.CapitalUpdateCreatorTest
    [junit] WARNING: An illegal reflective access operation has occurred
    [junit] WARNING: Illegal reflective access by chs.utilities.ui.landf.LookAndFeelHelper (file:/C:/repos/iesd/chs_home/lib/capitalutils.jar) to method com.sun.java.swing.plaf.windows.WindowsMenuItemUI.isVistaPainting()
    [junit] WARNING: Please consider reporting this to the maintainers of chs.utilities.ui.landf.LookAndFeelHelper
    [junit] WARNING: Use --illegal-access=warn to enable warnings of further illegal reflective access operations
    [junit] WARNING: All illegal access operations will be denied in a future release
    [junit] Tests run: 54, Failures: 0, Errors: 0, Skipped: 0, Time elapsed: 14.418 sec
    [junit] Running chs.update.server.DefaultFileServletTest
    [junit] Tests run: 3, Failures: 0, Errors: 0, Skipped: 0, Time elapsed: 1.084 sec
    [junit] Running chs.update.server.UpdateFileCreatorTest
    [junit] Tests run: 7, Failures: 0, Errors: 0, Skipped: 0, Time elapsed: 4.372 sec
    [junit] Running chs.update.server.UpdaterServerConstraintsTest
    [junit] Tests run: 2, Failures: 0, Errors: 0, Skipped: 0, Time elapsed: 2.422 sec
    [junit] Running chs.update.server.UpdaterServerGetFilesTest
    [junit] Tests run: 9, Failures: 0, Errors: 0, Skipped: 0, Time elapsed: 1.917 sec
    [junit] Running chs.update.util.DigestCacheTest
    [junit] Tests run: 13, Failures: 0, Errors: 0, Skipped: 0, Time elapsed: 1.033 sec
    [junit] Running chs.update.util.ProcessKillerLinuxTest
    [junit] Tests run: 4, Failures: 0, Errors: 0, Skipped: 0, Time elapsed: 0.821 sec
    [junit] Running chs.update.util.UpdateExclusionsTest
    [junit] Tests run: 8, Failures: 0, Errors: 0, Skipped: 0, Time elapsed: 1.094 sec
    [junit] Running chs.update.util.UpdaterLockTest
    [junit] Tests run: 12, Failures: 0, Errors: 0, Skipped: 0, Time elapsed: 2.357 sec
    [junit] Running chs.utilities.EnvironmentTest
    [junit] Tests run: 65, Failures: 0, Errors: 0, Skipped: 0, Time elapsed: 7.313 sec
    [junit] Running chs.utilities.EspressoTest
    [junit] Tests run: 2, Failures: 0, Errors: 0, Skipped: 0, Time elapsed: 1.407 sec
    [junit] Running chs.utilities.PropFileNamesTest
    [junit] Tests run: 14, Failures: 0, Errors: 0, Skipped: 0, Time elapsed: 0.886 sec
    [junit] Running chs.utilities.sax.CHSXMLSAXParserTest
    [junit] Tests run: 6, Failures: 0, Errors: 0, Skipped: 0, Time elapsed: 1.201 sec
    [junit] Running chs.utilities.ui.AboutBoxCustomerPrivacyPolicyTest
    [junit] Tests run: 4, Failures: 0, Errors: 0, Skipped: 0, Time elapsed: 5.506 sec
    [junit] Running chs.utilities.ui.landf.LookAndFeelHelperTest
    [junit] WARNING: An illegal reflective access operation has occurred
    [junit] WARNING: Illegal reflective access by chs.utilities.ui.landf.LookAndFeelHelper (file:/C:/repos/iesd/chs_home/lib/capitalutils.jar) to method com.sun.java.swing.plaf.windows.WindowsMenuItemUI.isVistaPainting()
    [junit] WARNING: Please consider reporting this to the maintainers of chs.utilities.ui.landf.LookAndFeelHelper
    [junit] WARNING: Use --illegal-access=warn to enable warnings of further illegal reflective access operations
    [junit] WARNING: All illegal access operations will be denied in a future release
    [junit] Tests run: 6, Failures: 0, Errors: 0, Skipped: 0, Time elapsed: 1.832 sec
    [junit] Running chs.utilities.updatersecuremode.UpdaterSecureModeClientConfigurationsTest
    [junit] Tests run: 9, Failures: 0, Errors: 0, Skipped: 0, Time elapsed: 1.53 sec
    [junit] Running chs.utilities.updatersecuremode.UpdaterSecureModeManagerConfigurationsTest
    [junit] Tests run: 14, Failures: 0, Errors: 0, Skipped: 0, Time elapsed: 2.126 sec
    [junit] Running chs.utilities.upgrade.minor.LibraryGUIConfigurationUpgrader_20_1Test
    [junit] Tests run: 2, Failures: 0, Errors: 0, Skipped: 0, Time elapsed: 2.461 sec
    [junit] Running chs.utilities.upgrade.minor.r2016_1.TopologyBundleDeviceUpgraderDefaultStylesetTest
    [junit] Tests run: 6, Failures: 0, Errors: 0, Skipped: 0, Time elapsed: 1.604 sec
    [junit] Running chs.utilities.upgrade.minor.r2016_1.TopologyBundleDeviceUpgraderTest
    [junit] Tests run: 1, Failures: 0, Errors: 0, Skipped: 0, Time elapsed: 1.603 sec
    [junit] Running chs.utility.XMLWriterTest
    [junit] Tests run: 4, Failures: 0, Errors: 0, Skipped: 0, Time elapsed: 0.823 sec
    [junit] Running com.mentor.capital.javafx.table.TableModifierTest
    [junit] Tests run: 2, Failures: 0, Errors: 0, Skipped: 0, Time elapsed: 1.748 sec
    [junit] Running com.mentor.capital.javafx.table.TablePreferencesTest
    [junit] Tests run: 3, Failures: 0, Errors: 0, Skipped: 0, Time elapsed: 1.483 sec
    [junit] Running com.mentor.capital.javafx.table.TableRefreshTest
    [junit] Tests run: 1, Failures: 0, Errors: 0, Skipped: 0, Time elapsed: 1.43 sec
    [junit] Running com.mentor.capital.javafx.table.strategy.TableSelectionStrategyTest
    [junit] Tests run: 2, Failures: 0, Errors: 0, Skipped: 0, Time elapsed: 1.45 sec
    [junit] Running com.mentor.capital.javafx.table.strategy.TreeTableSelectionStratergyTest
    [junit] Tests run: 3, Failures: 0, Errors: 0, Skipped: 0, Time elapsed: 1.731 sec

BUILD SUCCESSFUL
Total time: 4 minutes 11 seconds
