-- Wed May  5 01:15:44 2021: G:/iesdwa/qualitygates/wa/2021.1_ADP1_INT/code/iesd/chs_home/bld/bin/ant -propertyfile G:/iesdwa/qualitygates/wa/2021.1_ADP1_INT/code/iesd/build.windows.properties -Dsrc_file="C:/repos/iesd/chs_home.zip" -Dchecksum_file="G:/iesdwa/qualitygates/wa/2021.1_ADP1_INT/code/iesd/chs_home.zip.MD5"  verify-checksum -f G:/iesdwa/qualitygates/wa/2021.1_ADP1_INT/code/iesd/infrastructure_src/src/build.xml
Buildfile: G:\iesdwa\qualitygates\wa\2021.1_ADP1_INT\code\iesd\infrastructure_src\src\build.xml
Trying to override old definition of task jar

verify-checksum:
     [echo] Generated checksum of source - 5b00a840259e7ddbdae07d9d55b95da1
     [echo] Generated checksum of dest   - a3b35abe90de6739ca43515a39d120ab
     [echo] Checksum does not match? : true

BUILD FAILED
G:\iesdwa\qualitygates\wa\2021.1_ADP1_INT\code\iesd\infrastructure_src\src\build.xml:1821: Checksum mismatch between C:/repos/iesd/chs_home.zip : a3b35abe90de6739ca43515a39d120ab and G:/iesdwa/qualitygates/wa/2021.1_ADP1_INT/code/iesd/chs_home.zip.MD5 : 5b00a840259e7ddbdae07d9d55b95da1

Total time: 50 seconds
-- Wed May  5 01:16:42 2021: G:/iesdwa/qualitygates/wa/2021.1_ADP1_INT/code/iesd/chs_home/bld/bin/ant -propertyfile G:/iesdwa/qualitygates/wa/2021.1_ADP1_INT/code/iesd/build.windows.properties -Dget-file-url="http://ies-iesd-qgweb.ies.mentorg.com:8080/qualitygates/wa/2021.1_ADP1_INT/code/iesd/chs_home.zip" -Dget-file-dest="C:/repos/iesd/chs_home.zip" get-file -f G:/iesdwa/qualitygates/wa/2021.1_ADP1_INT/code/iesd/infrastructure_src/src/build.xml
Buildfile: G:\iesdwa\qualitygates\wa\2021.1_ADP1_INT\code\iesd\infrastructure_src\src\build.xml
Trying to override old definition of task jar

get-file:
      [get] Getting: http://ies-iesd-qgweb.ies.mentorg.com:8080/qualitygates/wa/2021.1_ADP1_INT/code/iesd/chs_home.zip
      [get] To: C:\repos\iesd\chs_home.zip

BUILD SUCCESSFUL
Total time: 35 seconds
-- Wed May  5 01:17:21 2021: G:/iesdwa/qualitygates/wa/2021.1_ADP1_INT/code/iesd/chs_home/bld/bin/ant -propertyfile G:/iesdwa/qualitygates/wa/2021.1_ADP1_INT/code/iesd/build.windows.properties -Dsrc_file="C:/repos/iesd/chs_home.zip" -Dchecksum_file="G:/iesdwa/qualitygates/wa/2021.1_ADP1_INT/code/iesd/chs_home.zip.MD5"  verify-checksum -f G:/iesdwa/qualitygates/wa/2021.1_ADP1_INT/code/iesd/infrastructure_src/src/build.xml
Buildfile: G:\iesdwa\qualitygates\wa\2021.1_ADP1_INT\code\iesd\infrastructure_src\src\build.xml
Trying to override old definition of task jar

verify-checksum:
     [echo] Generated checksum of source - 5b00a840259e7ddbdae07d9d55b95da1
     [echo] Generated checksum of dest   - 5b00a840259e7ddbdae07d9d55b95da1
     [echo] Checksum does not match? : ${checksumDoesNotMatch}

BUILD SUCCESSFUL
Total time: 49 seconds
-- Wed May  5 01:18:13 2021: IESD::ChsHomeUtil::downloadAndExtractBuildZip - Deleting chs_home dir: C:/repos/iesd/chs_home.
-- Wed May  5 01:18:40 2021: Directory 'C:/repos/iesd/chs_home' deleted.
-- Wed May  5 01:18:40 2021: Total time: 26.939 seconds
-- Wed May  5 01:18:40 2021: 7z x C:/repos/iesd/chs_home.zip -y -oC:/repos/iesd/chs_home
-- Wed May  5 01:19:30 2021: Total time: 50.893 seconds
-- Wed May  5 01:19:31 2021: C:/repos/iesd/chs_home/bld/bin/ant -propertyfile G:/iesdwa/qualitygates/wa/2021.1_ADP1_INT/code/iesd/build.windows.properties -Dchshome=C:/repos/iesd/chs_home -Dchs.home=C:/repos/iesd/chs_home -Dchsbuildtools_home=C:/repos/iesd/chs_home/bld -Dtest.results.base=G:/iesdwa/qualitygates/wa/2021.1_ADP1_INT/code/iesd/chs_home/bld/testresults  -Dchs.build.skiptestexports=true -Dcapital.testlist.path=G:/iesdwa/qualitygates/wa/2021.1_ADP1_INT/code/iesd/chs_home/bld/testjobs.windows/job.18.txt runtestsonlyqg -f G:/iesdwa/qualitygates/wa/2021.1_ADP1_INT/code/iesd/ctopology_src/tests/build.xml
Buildfile: G:\iesdwa\qualitygates\wa\2021.1_ADP1_INT\code\iesd\ctopology_src\tests\build.xml
Trying to override old definition of task jar
   [script] Warning: Nashorn engine is planned to be removed from a future JDK release

initJaCoCoExecFilePerJob:
     [echo] jacoco.execfileprefix = windows.job.18

-os-init-linux:

extendedtestsinit:
[propertyreset] Warning: Nashorn engine is planned to be removed from a future JDK release
     [echo] Test results directory, G:/iesdwa/qualitygates/wa/2021.1_ADP1_INT/code/iesd/chs_home/bld/testresults/topology exists.

instrument:

runtestsonlyqg:
     [echo] Running runtestsonly from TestTargets - called from Capital Integrator Tests G:\iesdwa\qualitygates\wa\2021.1_ADP1_INT\code\iesd\ctopology_src\tests\build.xml
[readtestlist] Found 37 test classes in testlist 'G:\iesdwa\qualitygates\wa\2021.1_ADP1_INT\code\iesd\chs_home\bld\testjobs.windows\job.18.txt'
    [junit] WARNING: An illegal reflective access operation has occurred
    [junit] WARNING: Illegal reflective access by org.uispec4j.UISpec4J (file:/C:/repos/iesd/chs_home/bld/lib/uispec4j.jar) to field java.awt.Toolkit.toolkit
    [junit] WARNING: Please consider reporting this to the maintainers of org.uispec4j.UISpec4J
    [junit] WARNING: Use --illegal-access=warn to enable warnings of further illegal reflective access operations
    [junit] WARNING: All illegal access operations will be denied in a future release
    [junit] Running chs.caplets.topo.NewTopologyPlaneDialogTest
    [junit] Tests run: 7, Failures: 0, Errors: 0, Skipped: 0, Time elapsed: 6.094 sec
    [junit] Running chs.caplets.topo.TopoModelUIDObjectContainmentTest
    [junit] Tests run: 2, Failures: 0, Errors: 0, Skipped: 0, Time elapsed: 24.301 sec
    [junit] Running chs.caplets.topo.TopoRenderTest
    [junit] Tests run: 1, Failures: 0, Errors: 0, Skipped: 0, Time elapsed: 7.42 sec
    [junit] Running chs.caplets.topo.actions.CopyPaste.BundleRegionCopyPasteTest
    [junit] WARNING: An illegal reflective access operation has occurred
    [junit] WARNING: Illegal reflective access by chs.common.introspection.IntrospectiveObjectScan (file:/C:/repos/iesd/chs_home/lib/capitalcofutils.jar) to field javax.swing.undo.UndoManager.indexOfNextAdd
    [junit] WARNING: Please consider reporting this to the maintainers of chs.common.introspection.IntrospectiveObjectScan
    [junit] WARNING: Use --illegal-access=warn to enable warnings of further illegal reflective access operations
    [junit] WARNING: All illegal access operations will be denied in a future release
    [junit] Tests run: 13, Failures: 0, Errors: 0, Skipped: 0, Time elapsed: 60.283 sec
    [junit] Running chs.caplets.topo.actions.CopyPaste.TopoCopyPasteAllTest
    [junit] WARNING: An illegal reflective access operation has occurred
    [junit] WARNING: Illegal reflective access by chs.common.introspection.IntrospectiveObjectScan (file:/C:/repos/iesd/chs_home/lib/capitalcofutils.jar) to field javax.swing.undo.UndoManager.indexOfNextAdd
    [junit] WARNING: Please consider reporting this to the maintainers of chs.common.introspection.IntrospectiveObjectScan
    [junit] WARNING: Use --illegal-access=warn to enable warnings of further illegal reflective access operations
    [junit] WARNING: All illegal access operations will be denied in a future release
    [junit] Tests run: 27, Failures: 0, Errors: 0, Skipped: 0, Time elapsed: 89.716 sec
    [junit] WARNING: An illegal reflective access operation has occurred
    [junit] WARNING: Illegal reflective access by org.uispec4j.UISpec4J (file:/C:/repos/iesd/chs_home/bld/lib/uispec4j.jar) to field java.awt.Toolkit.toolkit
    [junit] WARNING: Please consider reporting this to the maintainers of org.uispec4j.UISpec4J
    [junit] WARNING: Use --illegal-access=warn to enable warnings of further illegal reflective access operations
    [junit] WARNING: All illegal access operations will be denied in a future release
    [junit] Running chs.caplets.topo.actions.EditPanelVariantExpressionActionTest
    [junit] Tests run: 7, Failures: 0, Errors: 0, Skipped: 0, Time elapsed: 33.099 sec
    [junit] WARNING: An illegal reflective access operation has occurred
    [junit] WARNING: Illegal reflective access by org.uispec4j.UISpec4J (file:/C:/repos/iesd/chs_home/bld/lib/uispec4j.jar) to field java.awt.Toolkit.toolkit
    [junit] WARNING: Please consider reporting this to the maintainers of org.uispec4j.UISpec4J
    [junit] WARNING: Use --illegal-access=warn to enable warnings of further illegal reflective access operations
    [junit] WARNING: All illegal access operations will be denied in a future release
    [junit] Running chs.caplets.topo.actions.EditPanelVariantLengthActionTest
    [junit] Tests run: 7, Failures: 0, Errors: 0, Skipped: 0, Time elapsed: 33.795 sec
    [junit] WARNING: An illegal reflective access operation has occurred
    [junit] WARNING: Illegal reflective access by org.uispec4j.UISpec4J (file:/C:/repos/iesd/chs_home/bld/lib/uispec4j.jar) to field java.awt.Toolkit.toolkit
    [junit] WARNING: Please consider reporting this to the maintainers of org.uispec4j.UISpec4J
    [junit] WARNING: Use --illegal-access=warn to enable warnings of further illegal reflective access operations
    [junit] WARNING: All illegal access operations will be denied in a future release
    [junit] Running chs.caplets.topo.actions.EditPanelVariantOptExpressionActionTest
    [junit] Tests run: 4, Failures: 0, Errors: 0, Skipped: 0, Time elapsed: 26.671 sec
    [junit] Running chs.caplets.topo.actions.EditPlaneRulesActionTest
    [junit] Tests run: 6, Failures: 0, Errors: 0, Skipped: 0, Time elapsed: 16.731 sec
    [junit] WARNING: An illegal reflective access operation has occurred
    [junit] WARNING: Illegal reflective access by org.uispec4j.UISpec4J (file:/C:/repos/iesd/chs_home/bld/lib/uispec4j.jar) to field java.awt.Toolkit.toolkit
    [junit] WARNING: Please consider reporting this to the maintainers of org.uispec4j.UISpec4J
    [junit] WARNING: Use --illegal-access=warn to enable warnings of further illegal reflective access operations
    [junit] WARNING: All illegal access operations will be denied in a future release
    [junit] Running chs.caplets.topo.actions.FunctionalModuleCodesActionTest
    [junit] Tests run: 5, Failures: 0, Errors: 0, Skipped: 0, Time elapsed: 22.483 sec
    [junit] Running chs.caplets.topo.actions.IntegratorPropertiesActionTest
    [junit] Tests run: 8, Failures: 0, Errors: 0, Skipped: 0, Time elapsed: 21.941 sec
    [junit] WARNING: An illegal reflective access operation has occurred
    [junit] WARNING: Illegal reflective access by org.uispec4j.UISpec4J (file:/C:/repos/iesd/chs_home/bld/lib/uispec4j.jar) to field java.awt.Toolkit.toolkit
    [junit] WARNING: Please consider reporting this to the maintainers of org.uispec4j.UISpec4J
    [junit] WARNING: Use --illegal-access=warn to enable warnings of further illegal reflective access operations
    [junit] WARNING: All illegal access operations will be denied in a future release
    [junit] Running chs.caplets.topo.actions.PropertyFilteringComboBoxTest
    [junit] Tests run: 5, Failures: 0, Errors: 0, Skipped: 0, Time elapsed: 27.979 sec
    [junit] Running chs.caplets.topo.actions.ReevaluationPluginControllerActionTest
    [junit] Tests run: 1, Failures: 0, Errors: 0, Skipped: 0, Time elapsed: 9.355 sec
    [junit] Running chs.caplets.topo.actions.SnapshotCompareActionTest
    [junit] Tests run: 3, Failures: 0, Errors: 0, Skipped: 0, Time elapsed: 8.955 sec
    [junit] Running chs.caplets.topo.actions.TopoMoveManipulatorInlineMergeTest
    [junit] WARNING: An illegal reflective access operation has occurred
    [junit] WARNING: Illegal reflective access by chs.common.introspection.IntrospectiveObjectScan (file:/C:/repos/iesd/chs_home/lib/capitalcofutils.jar) to field javax.swing.undo.UndoManager.indexOfNextAdd
    [junit] WARNING: Please consider reporting this to the maintainers of chs.common.introspection.IntrospectiveObjectScan
    [junit] WARNING: Use --illegal-access=warn to enable warnings of further illegal reflective access operations
    [junit] WARNING: All illegal access operations will be denied in a future release
    [junit] Tests run: 6, Failures: 0, Errors: 0, Skipped: 0, Time elapsed: 14.61 sec
    [junit] Running chs.caplets.topo.actions.TopoMultiUser_dts0100477615_Test
    [junit] WARNING: An illegal reflective access operation has occurred
    [junit] WARNING: Illegal reflective access by chs.common.introspection.IntrospectiveObjectScan (file:/C:/repos/iesd/chs_home/lib/capitalcofutils.jar) to field javax.swing.undo.UndoManager.indexOfNextAdd
    [junit] WARNING: Please consider reporting this to the maintainers of chs.common.introspection.IntrospectiveObjectScan
    [junit] WARNING: Use --illegal-access=warn to enable warnings of further illegal reflective access operations
    [junit] WARNING: All illegal access operations will be denied in a future release
    [junit] Tests run: 1, Failures: 0, Errors: 0, Skipped: 0, Time elapsed: 20.244 sec
    [junit] WARNING: An illegal reflective access operation has occurred
    [junit] WARNING: Illegal reflective access by org.uispec4j.UISpec4J (file:/C:/repos/iesd/chs_home/bld/lib/uispec4j.jar) to field java.awt.Toolkit.toolkit
    [junit] WARNING: Please consider reporting this to the maintainers of org.uispec4j.UISpec4J
    [junit] WARNING: Use --illegal-access=warn to enable warnings of further illegal reflective access operations
    [junit] WARNING: All illegal access operations will be denied in a future release
    [junit] Running chs.caplets.topo.actions.TopoSmartEditPropertiesActionForPlatformObjectTest
    [junit] Tests run: 2, Failures: 0, Errors: 0, Skipped: 0, Time elapsed: 12.366 sec
    [junit] WARNING: An illegal reflective access operation has occurred
    [junit] WARNING: Illegal reflective access by org.uispec4j.UISpec4J (file:/C:/repos/iesd/chs_home/bld/lib/uispec4j.jar) to field java.awt.Toolkit.toolkit
    [junit] WARNING: Please consider reporting this to the maintainers of org.uispec4j.UISpec4J
    [junit] WARNING: Use --illegal-access=warn to enable warnings of further illegal reflective access operations
    [junit] WARNING: All illegal access operations will be denied in a future release
    [junit] Running chs.caplets.topo.actions.TopoSmartEditPropertiesActionUsingUISpecTest
    [junit] Tests run: 1, Failures: 0, Errors: 0, Skipped: 0, Time elapsed: 12.798 sec
    [junit] WARNING: An illegal reflective access operation has occurred
    [junit] WARNING: Illegal reflective access by org.uispec4j.UISpec4J (file:/C:/repos/iesd/chs_home/bld/lib/uispec4j.jar) to field java.awt.Toolkit.toolkit
    [junit] WARNING: Please consider reporting this to the maintainers of org.uispec4j.UISpec4J
    [junit] WARNING: Use --illegal-access=warn to enable warnings of further illegal reflective access operations
    [junit] WARNING: All illegal access operations will be denied in a future release
    [junit] Running chs.caplets.topo.actions.TopologyEditHarnessAttributeActionTest
    [junit] Tests run: 10, Failures: 0, Errors: 0, Skipped: 0, Time elapsed: 11.966 sec
    [junit] WARNING: An illegal reflective access operation has occurred
    [junit] WARNING: Illegal reflective access by org.uispec4j.UISpec4J (file:/C:/repos/iesd/chs_home/bld/lib/uispec4j.jar) to field java.awt.Toolkit.toolkit
    [junit] WARNING: Please consider reporting this to the maintainers of org.uispec4j.UISpec4J
    [junit] WARNING: Use --illegal-access=warn to enable warnings of further illegal reflective access operations
    [junit] WARNING: All illegal access operations will be denied in a future release
    [junit] Running chs.caplets.topo.actions.ViewRelatedSplitObjectsActionTest
    [junit] Tests run: 13, Failures: 0, Errors: 0, Skipped: 0, Time elapsed: 26.505 sec
    [junit] Running chs.caplets.topo.actions.associatedesigns.LogicDesignAssociationAndSyncTest
    [junit] Tests run: 61, Failures: 0, Errors: 0, Skipped: 0, Time elapsed: 75.059 sec
    [junit] WARNING: An illegal reflective access operation has occurred
    [junit] WARNING: Illegal reflective access by org.uispec4j.UISpec4J (file:/C:/repos/iesd/chs_home/bld/lib/uispec4j.jar) to field java.awt.Toolkit.toolkit
    [junit] WARNING: Please consider reporting this to the maintainers of org.uispec4j.UISpec4J
    [junit] WARNING: Use --illegal-access=warn to enable warnings of further illegal reflective access operations
    [junit] WARNING: All illegal access operations will be denied in a future release
    [junit] Running chs.caplets.topo.actions.bridges.BatchBridgeInActionTest
    [junit] Tests run: 2, Failures: 0, Errors: 0, Skipped: 0, Time elapsed: 8.996 sec
    [junit] WARNING: An illegal reflective access operation has occurred
    [junit] WARNING: Illegal reflective access by org.uispec4j.UISpec4J (file:/C:/repos/iesd/chs_home/bld/lib/uispec4j.jar) to field java.awt.Toolkit.toolkit
    [junit] WARNING: Please consider reporting this to the maintainers of org.uispec4j.UISpec4J
    [junit] WARNING: Use --illegal-access=warn to enable warnings of further illegal reflective access operations
    [junit] WARNING: All illegal access operations will be denied in a future release
    [junit] Running chs.caplets.topo.actions.define.LevelDefineDialogColumnFilteringTest
    [junit] Tests run: 1, Failures: 0, Errors: 0, Skipped: 0, Time elapsed: 11.367 sec
    [junit] WARNING: An illegal reflective access operation has occurred
    [junit] WARNING: Illegal reflective access by org.uispec4j.UISpec4J (file:/C:/repos/iesd/chs_home/bld/lib/uispec4j.jar) to field java.awt.Toolkit.toolkit
    [junit] WARNING: Please consider reporting this to the maintainers of org.uispec4j.UISpec4J
    [junit] WARNING: Use --illegal-access=warn to enable warnings of further illegal reflective access operations
    [junit] WARNING: All illegal access operations will be denied in a future release
    [junit] Running chs.caplets.topo.actions.define.LevelDefineDialogColumnSortingTest
    [junit] Tests run: 1, Failures: 0, Errors: 0, Skipped: 0, Time elapsed: 12.959 sec
    [junit] WARNING: An illegal reflective access operation has occurred
    [junit] WARNING: Illegal reflective access by org.uispec4j.UISpec4J (file:/C:/repos/iesd/chs_home/bld/lib/uispec4j.jar) to field java.awt.Toolkit.toolkit
    [junit] WARNING: Please consider reporting this to the maintainers of org.uispec4j.UISpec4J
    [junit] WARNING: Use --illegal-access=warn to enable warnings of further illegal reflective access operations
    [junit] WARNING: All illegal access operations will be denied in a future release
    [junit] Running chs.caplets.topo.actions.define.LevelDefineDialogOptionColumnGroupingTest
    [junit] Tests run: 1, Failures: 0, Errors: 0, Skipped: 0, Time elapsed: 13.733 sec
    [junit] WARNING: An illegal reflective access operation has occurred
    [junit] WARNING: Illegal reflective access by org.uispec4j.UISpec4J (file:/C:/repos/iesd/chs_home/bld/lib/uispec4j.jar) to field java.awt.Toolkit.toolkit
    [junit] WARNING: Please consider reporting this to the maintainers of org.uispec4j.UISpec4J
    [junit] WARNING: Use --illegal-access=warn to enable warnings of further illegal reflective access operations
    [junit] WARNING: All illegal access operations will be denied in a future release
    [junit] Running chs.caplets.topo.actions.define.LevelDefineDialogTest
    [junit] Tests run: 12, Failures: 0, Errors: 0, Skipped: 0, Time elapsed: 28.426 sec
    [junit] WARNING: An illegal reflective access operation has occurred
    [junit] WARNING: Illegal reflective access by org.uispec4j.UISpec4J (file:/C:/repos/iesd/chs_home/bld/lib/uispec4j.jar) to field java.awt.Toolkit.toolkit
    [junit] WARNING: Please consider reporting this to the maintainers of org.uispec4j.UISpec4J
    [junit] WARNING: Use --illegal-access=warn to enable warnings of further illegal reflective access operations
    [junit] WARNING: All illegal access operations will be denied in a future release
    [junit] Running chs.caplets.topo.actions.define.StringTableCellRendererTest
    [junit] Tests run: 1, Failures: 0, Errors: 0, Skipped: 0, Time elapsed: 11.594 sec
    [junit] WARNING: An illegal reflective access operation has occurred
    [junit] WARNING: Illegal reflective access by org.uispec4j.UISpec4J (file:/C:/repos/iesd/chs_home/bld/lib/uispec4j.jar) to field java.awt.Toolkit.toolkit
    [junit] WARNING: Please consider reporting this to the maintainers of org.uispec4j.UISpec4J
    [junit] WARNING: Use --illegal-access=warn to enable warnings of further illegal reflective access operations
    [junit] WARNING: All illegal access operations will be denied in a future release
    [junit] Running chs.caplets.topo.actions.define.VariantCellEditorTest
    [junit] Tests run: 1, Failures: 0, Errors: 0, Skipped: 0, Time elapsed: 10.892 sec
    [junit] WARNING: An illegal reflective access operation has occurred
    [junit] WARNING: Illegal reflective access by org.uispec4j.UISpec4J (file:/C:/repos/iesd/chs_home/bld/lib/uispec4j.jar) to field java.awt.Toolkit.toolkit
    [junit] WARNING: Please consider reporting this to the maintainers of org.uispec4j.UISpec4J
    [junit] WARNING: Use --illegal-access=warn to enable warnings of further illegal reflective access operations
    [junit] WARNING: All illegal access operations will be denied in a future release
    [junit] Running chs.caplets.topo.actions.define.VariantCellRendererTest
    [junit] Tests run: 1, Failures: 0, Errors: 0, Skipped: 0, Time elapsed: 12.768 sec
    [junit] WARNING: An illegal reflective access operation has occurred
    [junit] WARNING: Illegal reflective access by org.uispec4j.UISpec4J (file:/C:/repos/iesd/chs_home/bld/lib/uispec4j.jar) to field java.awt.Toolkit.toolkit
    [junit] WARNING: Please consider reporting this to the maintainers of org.uispec4j.UISpec4J
    [junit] WARNING: Use --illegal-access=warn to enable warnings of further illegal reflective access operations
    [junit] WARNING: All illegal access operations will be denied in a future release
    [junit] Running chs.caplets.topo.actions.define.harnessvalidation.TCHarnessValidatorDialogTest
    [junit] Tests run: 9, Failures: 0, Errors: 0, Skipped: 0, Time elapsed: 48.391 sec
    [junit] Running chs.caplets.topo.actions.define.vehiclemodelsdialog.VehicleModelsDialogMenubarTest
    [junit] Tests run: 2, Failures: 0, Errors: 0, Skipped: 0, Time elapsed: 10.45 sec
    [junit] Running chs.caplets.topo.actions.harnesstransfer.H2XMLImportTest
    [junit] WARNING: An illegal reflective access operation has occurred
    [junit] WARNING: Illegal reflective access by chs.utility.helpers.Java8CompatibleFontMetricsUtil (file:/C:/repos/iesd/chs_home/lib/capitalcofutils.jar) to field sun.font.FontDesignMetrics.ascent
    [junit] WARNING: Please consider reporting this to the maintainers of chs.utility.helpers.Java8CompatibleFontMetricsUtil
    [junit] WARNING: Use --illegal-access=warn to enable warnings of further illegal reflective access operations
    [junit] WARNING: All illegal access operations will be denied in a future release
    [junit] Tests run: 43, Failures: 0, Errors: 0, Skipped: 0, Time elapsed: 58.883 sec
    [junit] Running chs.caplets.topo.actions.harnesstransfer.HarnessImportTest
    [junit] WARNING: An illegal reflective access operation has occurred
    [junit] WARNING: Illegal reflective access by chs.utility.helpers.Java8CompatibleFontMetricsUtil (file:/C:/repos/iesd/chs_home/lib/capitalcofutils.jar) to field sun.font.FontDesignMetrics.ascent
    [junit] WARNING: Please consider reporting this to the maintainers of chs.utility.helpers.Java8CompatibleFontMetricsUtil
    [junit] WARNING: Use --illegal-access=warn to enable warnings of further illegal reflective access operations
    [junit] WARNING: All illegal access operations will be denied in a future release
    [junit] Tests run: 10, Failures: 0, Errors: 0, Skipped: 0, Time elapsed: 139.918 sec
    [junit] Running chs.caplets.topo.actions.inlines.InlineMergeTest
    [junit] WARNING: An illegal reflective access operation has occurred
    [junit] WARNING: Illegal reflective access by chs.common.introspection.IntrospectiveObjectScan (file:/C:/repos/iesd/chs_home/lib/capitalcofutils.jar) to field javax.swing.undo.UndoManager.indexOfNextAdd
    [junit] WARNING: Please consider reporting this to the maintainers of chs.common.introspection.IntrospectiveObjectScan
    [junit] WARNING: Use --illegal-access=warn to enable warnings of further illegal reflective access operations
    [junit] WARNING: All illegal access operations will be denied in a future release
    [junit] Tests run: 1, Failures: 0, Errors: 0, Skipped: 0, Time elapsed: 17.648 sec
    [junit] WARNING: An illegal reflective access operation has occurred
    [junit] WARNING: Illegal reflective access by org.uispec4j.UISpec4J (file:/C:/repos/iesd/chs_home/bld/lib/uispec4j.jar) to field java.awt.Toolkit.toolkit
    [junit] WARNING: Please consider reporting this to the maintainers of org.uispec4j.UISpec4J
    [junit] WARNING: Use --illegal-access=warn to enable warnings of further illegal reflective access operations
    [junit] WARNING: All illegal access operations will be denied in a future release
    [junit] Running chs.caplets.topo.actions.mergeifc.IFCMergeTest
    [junit] Tests run: 62, Failures: 0, Errors: 0, Skipped: 0, Time elapsed: 170.409 sec
    [junit] WARNING: An illegal reflective access operation has occurred
    [junit] WARNING: Illegal reflective access by org.uispec4j.UISpec4J (file:/C:/repos/iesd/chs_home/bld/lib/uispec4j.jar) to field java.awt.Toolkit.toolkit
    [junit] WARNING: Please consider reporting this to the maintainers of org.uispec4j.UISpec4J
    [junit] WARNING: Use --illegal-access=warn to enable warnings of further illegal reflective access operations
    [junit] WARNING: All illegal access operations will be denied in a future release
    [junit] Running chs.caplets.topo.actions.mergeifc.TopoMoveManipulatorIFCMergeTest
    [junit] Tests run: 14, Failures: 0, Errors: 0, Skipped: 0, Time elapsed: 60.26 sec
    [junit] WARNING: An illegal reflective access operation has occurred
    [junit] WARNING: Illegal reflective access by org.uispec4j.UISpec4J (file:/C:/repos/iesd/chs_home/bld/lib/uispec4j.jar) to field java.awt.Toolkit.toolkit
    [junit] WARNING: Please consider reporting this to the maintainers of org.uispec4j.UISpec4J
    [junit] WARNING: Use --illegal-access=warn to enable warnings of further illegal reflective access operations
    [junit] WARNING: All illegal access operations will be denied in a future release
    [junit] Running chs.caplets.topo.actions.moveobject.MoveToDiagramActionTest
    [junit] Tests run: 1, Failures: 0, Errors: 0, Skipped: 0, Time elapsed: 45.822 sec

BUILD SUCCESSFUL
Total time: 55 minutes 17 seconds
