
/var/spool/sge/ies/ies-iesd-grd-21/job_scripts/227599124 -stream 2021.1_ADP1_INT -projHome /ies/iesd_data3_nb/iesdwa/qualitygates/wa/2021.1_ADP1_INT/code/iesd -buildFile /ies/iesd_data3_nb/iesdwa/qualitygates/wa/2021.1_ADP1_INT/code/iesd/cframework_src/tests/build.xml -testlist /ies/iesd_data3_nb/iesdwa/qualitygates/wa/2021.1_ADP1_INT/code/iesd/chs_home/bld/testjobs.linux/job.458.txt

ARC=lx-amd64
_=/bin/env
CVS_RSH=ssh
DISPLAY=lnx-ies-bld-06.ies.mentorg.com:3
ENVIRONMENT=BATCH
GRID_SCRIPT_TO_EXECUTE=/ies/iesd_data11/iesdgridhome/scripts/prod/BuildScripts/bin/rununittest.pl
HISTCONTROL=ignoredups
HISTSIZE=1000
HOME=/home/iesdgrid
HOSTNAME=ies-iesd-grd-21
IESD_GRIDDATA=/ies/iesd_data11/iesdgridhome/data
IESD_SCRIPTS=/ies/iesd_data11/iesdgridhome/scripts/prod
JOB_ID=227599124
JOB_NAME=gridrunner.sh
JOB_SCRIPT=/var/spool/sge/ies/ies-iesd-grd-21/job_scripts/227599124
KDEDIRS=/usr
LANG=en_US.UTF-8
LESSOPEN=||/usr/bin/lesspipe.sh %s
LOGNAME=iesdgrid
MAIL=/var/spool/mail/iesdgrid
MANPATH=:/opt/puppetlabs/puppet/share/man
NHOSTS=1
NQUEUES=1
NSLOTS=1
PATH=/usr/lib64/qt-3.3/bin:/home/iesdgrid/perl5/bin:/var/spool/sge/ies/tmp/227599124.1.iesd.p:/usr/local/bin:/bin:/usr/bin:/usr/local/sbin:/usr/sbin:/opt/puppetlabs/bin:/home/iesdgrid/opt/intellij/idea-IC-162.2228.15/bin
PERL5LIB=/home/iesdgrid/perl5/lib/perl5:
PERL_LOCAL_LIB_ROOT=:/home/iesdgrid/perl5
PERL_MB_OPT=--install_base /home/iesdgrid/perl5
PERL_MM_OPT=INSTALL_BASE=/home/iesdgrid/perl5
PWD=/home/iesdgrid
QTDIR=/usr/lib64/qt-3.3
QT_GRAPHICSSYSTEM_CHECKED=1
QTINC=/usr/lib64/qt-3.3/include
QTLIB=/usr/lib64/qt-3.3/lib
QT_PLUGIN_PATH=/usr/lib64/kde4/plugins:/usr/lib/kde4/plugins
QUEUE=iesd.p
REQNAME=gridrunner.sh
REQUEST=gridrunner.sh
RESTARTED=0
SGE_ACCOUNT=sge
SGE_ARCH=lx-amd64
SGE_BINARY_PATH=/ies/grid/uge86/bin/lx-amd64
SGE_CELL=default
SGE_CWD_PATH=/home/iesdgrid
SGE_EXECD_PORT=6471
SGE_HGR_memory=5.588G
SGE_JOB_SPOOL_DIR=/var/spool/sge/ies/ies-iesd-grd-21/active_jobs/227599124.1
SGE_O_HOME=/home/iesdgrid
SGE_O_HOST=ies-iesd-grd002
SGE_O_LOGNAME=iesdgrid
SGE_O_MAIL=/var/mail/iesdgrid
SGE_O_PATH=/ies/iesd_data11/iesdgridhome/tools/appsroot/aol/java/jdk-11.0.4/bin:/ies/iesd_data3_nb/iesdwa/qualitygates/wa/2021.1_ADP1_INT/code/iesd/chs_home/bld/bin:/ies/iesd_data3_nb/iesdwa/qualitygates/wa/2021.1_ADP1_INT/code/iesd/chs_home/bin:/ies/iesd_data3_nb/iesdwa/qualitygates/wa/2021.1_ADP1_INT/code/iesd/chs_home/lib:/ies/iesd_data3_nb/iesdwa/qualitygates/wa/2021.1_ADP1_INT/code/iesd/chs_home/bld/lib:/usr/atria/bin:/ies/grid/uge86/mgc:/ies/grid/uge86/bin/lx-amd64:/usr/local/bin:/usr/bin
SGE_O_SHELL=/bin/ksh
SGE_O_WORKDIR=/tmp/slave/ci01/workspace/SubmitQualityGatesGit
SGE_QMASTER_PORT=6470
SGE_RERUN_JOB=1
SGE_RERUN_REQUESTED=1
SGE_ROOT=/ies/grid/uge86
SGE_STDERR_PATH=/ies/iesd_data3_nb/iesdwa/qualitygates/wa/2021.1_ADP1_INT/junit_test_result/logs/linux/job.458.log
SGE_STDIN_PATH=/dev/null
SGE_STDOUT_PATH=/ies/iesd_data3_nb/iesdwa/qualitygates/wa/2021.1_ADP1_INT/junit_test_result/logs/linux/job.458.log
SGE_TASK_FIRST=undefined
SGE_TASK_ID=undefined
SGE_TASK_LAST=undefined
SGE_TASK_STEPSIZE=undefined
SHELL=/bin/sh
SHLVL=1
SSH_ASKPASS=/usr/libexec/openssh/gnome-ssh-askpass
TMPDIR=/var/spool/sge/ies/tmp/227599124.1.iesd.p
TMP=/var/spool/sge/ies/tmp/227599124.1.iesd.p
TZ=UTC
USER=iesdgrid
XDG_DATA_DIRS=/home/iesdgrid/.local/share/flatpak/exports/share:/var/lib/flatpak/exports/share:/usr/local/share:/usr/share
+ export MGC_VCO=aol
+ MGC_VCO=aol
+ export LD_LIBRARY_PATH=/ies/iesd_data11/iesdgridhome/scripts/prod/Modules/aol:
+ LD_LIBRARY_PATH=/ies/iesd_data11/iesdgridhome/scripts/prod/Modules/aol:
+ export PATH=/bin:/usr/lib64/qt-3.3/bin:/home/iesdgrid/perl5/bin:/var/spool/sge/ies/tmp/227599124.1.iesd.p:/usr/local/bin:/bin:/usr/bin:/usr/local/sbin:/usr/sbin:/opt/puppetlabs/bin:/home/iesdgrid/opt/intellij/idea-IC-162.2228.15/bin
+ PATH=/bin:/usr/lib64/qt-3.3/bin:/home/iesdgrid/perl5/bin:/var/spool/sge/ies/tmp/227599124.1.iesd.p:/usr/local/bin:/bin:/usr/bin:/usr/local/sbin:/usr/sbin:/opt/puppetlabs/bin:/home/iesdgrid/opt/intellij/idea-IC-162.2228.15/bin
+ '[' -x /ies/grid/uge86/default/common/settings.sh ']'
+ echo 'Calling perl /ies/iesd_data11/iesdgridhome/scripts/prod/BuildScripts/bin/rununittest.pl -stream' 2021.1_ADP1_INT -projHome /ies/iesd_data3_nb/iesdwa/qualitygates/wa/2021.1_ADP1_INT/code/iesd -buildFile /ies/iesd_data3_nb/iesdwa/qualitygates/wa/2021.1_ADP1_INT/code/iesd/cframework_src/tests/build.xml -testlist '/ies/iesd_data3_nb/iesdwa/qualitygates/wa/2021.1_ADP1_INT/code/iesd/chs_home/bld/testjobs.linux/job.458.txt '
Calling perl /ies/iesd_data11/iesdgridhome/scripts/prod/BuildScripts/bin/rununittest.pl -stream 2021.1_ADP1_INT -projHome /ies/iesd_data3_nb/iesdwa/qualitygates/wa/2021.1_ADP1_INT/code/iesd -buildFile /ies/iesd_data3_nb/iesdwa/qualitygates/wa/2021.1_ADP1_INT/code/iesd/cframework_src/tests/build.xml -testlist /ies/iesd_data3_nb/iesdwa/qualitygates/wa/2021.1_ADP1_INT/code/iesd/chs_home/bld/testjobs.linux/job.458.txt 
+ echo 'Fail if file not found '
Fail if file not found 
+ perl /ies/iesd_data11/iesdgridhome/scripts/prod/BuildScripts/bin/rununittest.pl -stream 2021.1_ADP1_INT -projHome /ies/iesd_data3_nb/iesdwa/qualitygates/wa/2021.1_ADP1_INT/code/iesd -buildFile /ies/iesd_data3_nb/iesdwa/qualitygates/wa/2021.1_ADP1_INT/code/iesd/cframework_src/tests/build.xml -testlist /ies/iesd_data3_nb/iesdwa/qualitygates/wa/2021.1_ADP1_INT/code/iesd/chs_home/bld/testjobs.linux/job.458.txt
-- Wed May  5 00:28:33 2021: /ies/iesd_data11/iesdgridhome/scripts/prod/BuildScripts/bin/rununittest.pl -stream 2021.1_ADP1_INT -projHome /ies/iesd_data3_nb/iesdwa/qualitygates/wa/2021.1_ADP1_INT/code/iesd -buildFile /ies/iesd_data3_nb/iesdwa/qualitygates/wa/2021.1_ADP1_INT/code/iesd/cframework_src/tests/build.xml -testlist /ies/iesd_data3_nb/iesdwa/qualitygates/wa/2021.1_ADP1_INT/code/iesd/chs_home/bld/testjobs.linux/job.458.txt
-- Wed May  5 00:28:33 2021: Checking for branch configuration attributes file: '/ies/iesd_data11/iesdgridhome/BranchDataRoot/2021.1_ADP1_INT/attributes.ini'
-- Wed May  5 00:28:33 2021: Found /ies/iesd_data3_nb/iesdwa/qualitygates/wa/2021.1_ADP1_INT/code/iesd/infrastructure_src/src/infra_features.ini. Reading the config with least precedence.
-- Wed May  5 00:28:34 2021: TestListExecutor /ies/iesd_data3_nb/iesdwa/qualitygates/wa/2021.1_ADP1_INT/code/iesd/chs_home/bld/testjobs.linux/job.458.txt STARTED
-- Wed May  5 00:28:34 2021: PROJ_HOME=/ies/iesd_data3_nb/iesdwa/qualitygates/wa/2021.1_ADP1_INT/code/iesd
-- Wed May  5 00:28:34 2021: BUILD_HOME=/ies/iesd_data3_nb/iesdwa/qualitygates/wa/2021.1_ADP1_INT/code/iesd
-- Wed May  5 00:28:34 2021: CHS_HOME=/ies/iesd_data3_nb/iesdwa/qualitygates/wa/2021.1_ADP1_INT/code/iesd/chs_home
-- Wed May  5 00:28:34 2021: JAVA_HOME=/ies/iesd_data11/iesdgridhome/tools/appsroot/aol/java/jdk-11.0.4
-- Wed May  5 00:28:34 2021: ANT_HOME=/ies/iesd_data3_nb/iesdwa/qualitygates/wa/2021.1_ADP1_INT/code/iesd/chs_home/bld
-- Wed May  5 00:28:34 2021: PATH=/ies/iesd_data3_nb/iesdwa/qualitygates/wa/2021.1_ADP1_INT/code/iesd/chs_home/bin:/bin:/usr/lib64/qt-3.3/bin:/home/iesdgrid/perl5/bin:/var/spool/sge/ies/tmp/227599124.1.iesd.p:/usr/local/bin:/bin:/usr/bin:/usr/local/sbin:/usr/sbin:/opt/puppetlabs/bin:/home/iesdgrid/opt/intellij/idea-IC-162.2228.15/bin
-- Wed May  5 00:28:34 2021: PATH=/ies/iesd_data3_nb/iesdwa/qualitygates/wa/2021.1_ADP1_INT/code/iesd/chs_home/bld/bin:/ies/iesd_data3_nb/iesdwa/qualitygates/wa/2021.1_ADP1_INT/code/iesd/chs_home/bin:/bin:/usr/lib64/qt-3.3/bin:/home/iesdgrid/perl5/bin:/var/spool/sge/ies/tmp/227599124.1.iesd.p:/usr/local/bin:/bin:/usr/bin:/usr/local/sbin:/usr/sbin:/opt/puppetlabs/bin:/home/iesdgrid/opt/intellij/idea-IC-162.2228.15/bin
-- Wed May  5 00:28:34 2021: PATH=/ies/iesd_data11/iesdgridhome/tools/appsroot/aol/java/jdk-11.0.4/bin:/ies/iesd_data3_nb/iesdwa/qualitygates/wa/2021.1_ADP1_INT/code/iesd/chs_home/bld/bin:/ies/iesd_data3_nb/iesdwa/qualitygates/wa/2021.1_ADP1_INT/code/iesd/chs_home/bin:/bin:/usr/lib64/qt-3.3/bin:/home/iesdgrid/perl5/bin:/var/spool/sge/ies/tmp/227599124.1.iesd.p:/usr/local/bin:/bin:/usr/bin:/usr/local/sbin:/usr/sbin:/opt/puppetlabs/bin:/home/iesdgrid/opt/intellij/idea-IC-162.2228.15/bin
-- Wed May  5 00:28:34 2021: ANT_OPTS=-Xmx2G -Dfile.encoding=iso-8859-1
-- Wed May  5 00:28:34 2021: ant  -Dbuild_vco=aol -Dbuild_env=linux -propertyfile /ies/iesd_data3_nb/iesdwa/qualitygates/wa/2021.1_ADP1_INT/code/iesd/build.properties -Dchs.build.skiptestexports=true -Dcapital.testlist.path=/ies/iesd_data3_nb/iesdwa/qualitygates/wa/2021.1_ADP1_INT/code/iesd/chs_home/bld/testjobs.linux/job.458.txt runtestsonlyqg -f /ies/iesd_data3_nb/iesdwa/qualitygates/wa/2021.1_ADP1_INT/code/iesd/cframework_src/tests/build.xml STARTED
-- Wed May  5 00:28:34 2021: /ies/iesd_data3_nb/iesdwa/qualitygates/wa/2021.1_ADP1_INT/code/iesd/chs_home/bld/bin/ant  -Dbuild_vco=aol -Dbuild_env=linux -propertyfile /ies/iesd_data3_nb/iesdwa/qualitygates/wa/2021.1_ADP1_INT/code/iesd/build.properties -Dchs.build.skiptestexports=true -Dcapital.testlist.path=/ies/iesd_data3_nb/iesdwa/qualitygates/wa/2021.1_ADP1_INT/code/iesd/chs_home/bld/testjobs.linux/job.458.txt runtestsonlyqg -f /ies/iesd_data3_nb/iesdwa/qualitygates/wa/2021.1_ADP1_INT/code/iesd/cframework_src/tests/build.xml
Buildfile: /ies/iesd_data3_nb/iesdwa/qualitygates/wa/2021.1_ADP1_INT/code/iesd/cframework_src/tests/build.xml
Trying to override old definition of task jar
   [script] Warning: Nashorn engine is planned to be removed from a future JDK release

initJaCoCoExecFilePerJob:
     [echo] jacoco.execfileprefix = linux.job.458

-os-init-linux:
     [echo] Reset to include attachlistener
[propertyreset] Warning: Nashorn engine is planned to be removed from a future JDK release
[propertyreset] Warning: Nashorn engine is planned to be removed from a future JDK release
[propertyreset] Warning: Nashorn engine is planned to be removed from a future JDK release
[propertyreset] Warning: Nashorn engine is planned to be removed from a future JDK release
[propertyreset] Warning: Nashorn engine is planned to be removed from a future JDK release
     [echo] capital.skiplookandfeel=true 

extendedtestsinit:
[propertyreset] Warning: Nashorn engine is planned to be removed from a future JDK release
     [echo] Test results directory, /ies/iesd_data3_nb/iesdwa/qualitygates/wa/2021.1_ADP1_INT/code/iesd/chs_home/bld/testresults/framework exists.

instrument:

runtestsonlyqg:
     [echo] Running runtestsonly from TestTargets - called from CAF Tests /ies/iesd_data3_nb/iesdwa/qualitygates/wa/2021.1_ADP1_INT/code/iesd/cframework_src/tests/build.xml
[readtestlist] Found 15 test classes in testlist '/ies/iesd_data3_nb/iesdwa/qualitygates/wa/2021.1_ADP1_INT/code/iesd/chs_home/bld/testjobs.linux/job.458.txt'
    [junit] Running chs.teamplay.TeamPlayFilterComboBoxTest
    [junit] 
    [junit] (java:2184): dbind-WARNING **: 00:28:48.686: Couldn't connect to accessibility bus: Failed to connect to socket /tmp/dbus-qWZs01I6vD: Connection refused
    [junit] Tests run: 2, Failures: 0, Errors: 0, Skipped: 0, Time elapsed: 8.941 sec
    [junit] Running chs.teamplay.TeamPlayPermissionChecksTest
    [junit] Tests run: 23, Failures: 0, Errors: 0, Skipped: 0, Time elapsed: 11.171 sec
    [junit] Running chs.teamplay.TeamPlayTabTest
    [junit] 
    [junit] (java:3708): dbind-WARNING **: 00:29:15.032: Couldn't connect to accessibility bus: Failed to connect to socket /tmp/dbus-qWZs01I6vD: Connection refused
    [junit] Tests run: 21, Failures: 0, Errors: 0, Skipped: 0, Time elapsed: 21.429 sec
    [junit] Running chs.teamplay.TeamPlayTickleUIListenerTest
    [junit] Tests run: 2, Failures: 0, Errors: 0, Skipped: 0, Time elapsed: 9.647 sec
    [junit] Running chs.teamplay.checklist.ChecklistTabTest
    [junit] 
    [junit] (java:5795): dbind-WARNING **: 00:29:50.395: Couldn't connect to accessibility bus: Failed to connect to socket /tmp/dbus-qWZs01I6vD: Connection refused
    [junit] Tests run: 5, Failures: 0, Errors: 0, Skipped: 0, Time elapsed: 10.747 sec
    [junit] Running chs.teamplay.comments.ChecklistsTabEditingTest
    [junit] 
    [junit] (java:6741): dbind-WARNING **: 00:30:04.313: Couldn't connect to accessibility bus: Failed to connect to socket /tmp/dbus-qWZs01I6vD: Connection refused
    [junit] Tests run: 3, Failures: 0, Errors: 0, Skipped: 0, Time elapsed: 10.88 sec
    [junit] Exception in thread "JavaFX Application Thread" java.lang.NullPointerException
    [junit] 	at com.sun.javafx.webkit.prism.WCFontImpl.getFont(WCFontImpl.java:54)
    [junit] 	at com.sun.javafx.webkit.prism.PrismGraphicsManager.getWCFont(PrismGraphicsManager.java:84)
    [junit] 	at com.sun.webkit.WebPage.twkInit(Native Method)
    [junit] 	at com.sun.webkit.WebPage.<init>(WebPage.java:192)
    [junit] 	at javafx.scene.web.WebEngine.<init>(WebEngine.java:841)
    [junit] 	at javafx.scene.web.WebEngine.<init>(WebEngine.java:826)
    [junit] 	at javafx.scene.web.WebView.<init>(WebView.java:260)
    [junit] 	at chs.teamplay.TeamPlayTab.lambda$new$0(TeamPlayTab.java:97)
    [junit] 	at com.sun.javafx.application.PlatformImpl.lambda$runLater$10(PlatformImpl.java:428)
    [junit] 	at java.base/java.security.AccessController.doPrivileged(Native Method)
    [junit] 	at com.sun.javafx.application.PlatformImpl.lambda$runLater$11(PlatformImpl.java:427)
    [junit] 	at com.sun.glass.ui.InvokeLaterDispatcher$Future.run(InvokeLaterDispatcher.java:96)
    [junit] 	at com.sun.glass.ui.gtk.GtkApplication._runLoop(Native Method)
    [junit] 	at com.sun.glass.ui.gtk.GtkApplication.lambda$runLoop$11(GtkApplication.java:277)
    [junit] 	at java.base/java.lang.Thread.run(Thread.java:834)
    [junit] Exception in thread "JavaFX Application Thread" java.lang.NullPointerException
    [junit] 	at com.sun.javafx.webkit.prism.WCFontImpl.getFont(WCFontImpl.java:54)
    [junit] 	at com.sun.javafx.webkit.prism.PrismGraphicsManager.getWCFont(PrismGraphicsManager.java:84)
    [junit] 	at com.sun.webkit.WebPage.twkInit(Native Method)
    [junit] 	at com.sun.webkit.WebPage.<init>(WebPage.java:192)
    [junit] 	at javafx.scene.web.WebEngine.<init>(WebEngine.java:841)
    [junit] 	at javafx.scene.web.WebEngine.<init>(WebEngine.java:826)
    [junit] 	at javafx.scene.web.WebView.<init>(WebView.java:260)
    [junit] 	at chs.teamplay.TeamPlayTab.lambda$new$0(TeamPlayTab.java:97)
    [junit] 	at com.sun.javafx.application.PlatformImpl.lambda$runLater$10(PlatformImpl.java:428)
    [junit] 	at java.base/java.security.AccessController.doPrivileged(Native Method)
    [junit] 	at com.sun.javafx.application.PlatformImpl.lambda$runLater$11(PlatformImpl.java:427)
    [junit] 	at com.sun.glass.ui.InvokeLaterDispatcher$Future.run(InvokeLaterDispatcher.java:96)
    [junit] 	at com.sun.glass.ui.gtk.GtkApplication._runLoop(Native Method)
    [junit] 	at com.sun.glass.ui.gtk.GtkApplication.lambda$runLoop$11(GtkApplication.java:277)
    [junit] 	at java.base/java.lang.Thread.run(Thread.java:834)
    [junit] Running chs.teamplay.comments.CommentsEmailHTMLGeneratorTest
    [junit] Tests run: 3, Failures: 0, Errors: 0, Skipped: 0, Time elapsed: 10 sec
    [junit] Running chs.teamplay.comments.CommentsTabEditingTest
    [junit] 
    [junit] (java:8453): dbind-WARNING **: 00:30:30.022: Couldn't connect to accessibility bus: Failed to connect to socket /tmp/dbus-qWZs01I6vD: Connection refused
    [junit] Tests run: 3, Failures: 0, Errors: 0, Skipped: 0, Time elapsed: 10.314 sec
    [junit] #
    [junit] # A fatal error has been detected by the Java Runtime Environment:
    [junit] #
    [junit] #  SIGSEGV (0xb) at pc=0x00002b383d520d46, pid=8453, tid=8906
    [junit] #
    [junit] # JRE version: OpenJDK Runtime Environment (11.0.4+11) (build 11.0.4-ojdkbuild+11)
    [junit] # Java VM: OpenJDK 64-Bit Server VM (11.0.4-ojdkbuild+11, mixed mode, tiered, compressed oops, g1 gc, linux-amd64)
    [junit] # Problematic frame:
    [junit] # C  [libjfxwebkit.so+0x1520d46]  WebCore::FontCache::lastResortFallbackFont(WebCore::FontDescription const&)+0x66
    [junit] #
    [junit] # Core dump will be written. Default location: /ies/iesd_data4_nb/qualitygates/iesd-21.1/2021.1_ADP1_INT/code/iesd/core.8453
    [junit] #
    [junit] Exception in thread "JavaFX Application Thread" java.lang.NullPointerException
    [junit] # An error report file with more information is saved as:
    [junit] 	at com.sun.javafx.webkit.prism.WCFontImpl.getFont(WCFontImpl.java:54)
    [junit] # /ies/iesd_data4_nb/qualitygates/iesd-21.1/2021.1_ADP1_INT/code/iesd/hs_err_pid8453.log
    [junit] 	at com.sun.javafx.webkit.prism.PrismGraphicsManager.getWCFont(PrismGraphicsManager.java:84)
    [junit] 	at com.sun.webkit.WebPage.twkInit(Native Method)
    [junit] 	at com.sun.webkit.WebPage.<init>(WebPage.java:192)
    [junit] 	at javafx.scene.web.WebEngine.<init>(WebEngine.java:841)
    [junit] 	at javafx.scene.web.WebEngine.<init>(WebEngine.java:826)
    [junit] 	at javafx.scene.web.WebView.<init>(WebView.java:260)
    [junit] 	at chs.teamplay.TeamPlayTab.lambda$new$0(TeamPlayTab.java:97)
    [junit] 	at com.sun.javafx.application.PlatformImpl.lambda$runLater$10(PlatformImpl.java:428)
    [junit] 	at java.base/java.security.AccessController.doPrivileged(Native Method)
    [junit] 	at com.sun.javafx.application.PlatformImpl.lambda$runLater$11(PlatformImpl.java:427)
    [junit] 	at com.sun.glass.ui.InvokeLaterDispatcher$Future.run(InvokeLaterDispatcher.java:96)
    [junit] 	at com.sun.glass.ui.gtk.GtkApplication._runLoop(Native Method)
    [junit] 	at com.sun.glass.ui.gtk.GtkApplication.lambda$runLoop$11(GtkApplication.java:277)
    [junit] 	at java.base/java.lang.Thread.run(Thread.java:834)
    [junit] Exception in thread "JavaFX Application Thread" java.lang.NullPointerException
    [junit] 	at com.sun.javafx.webkit.prism.WCFontImpl.getFont(WCFontImpl.java:54)
    [junit] 	at com.sun.javafx.webkit.prism.PrismGraphicsManager.getWCFont(PrismGraphicsManager.java:84)
    [junit] 	at com.sun.webkit.WebPage.twkInit(Native Method)
    [junit] 	at com.sun.webkit.WebPage.<init>(WebPage.java:192)
    [junit] 	at javafx.scene.web.WebEngine.<init>(WebEngine.java:841)
    [junit] 	at javafx.scene.web.WebEngine.<init>(WebEngine.java:826)
    [junit] 	at javafx.scene.web.WebView.<init>(WebView.java:260)
    [junit] 	at chs.teamplay.TeamPlayTab.lambda$new$0(TeamPlayTab.java:97)
    [junit] 	at com.sun.javafx.application.PlatformImpl.lambda$runLater$10(PlatformImpl.java:428)
    [junit] 	at java.base/java.security.AccessController.doPrivileged(Native Method)
    [junit] 	at com.sun.javafx.application.PlatformImpl.lambda$runLater$11(PlatformImpl.java:427)
    [junit] 	at com.sun.glass.ui.InvokeLaterDispatcher$Future.run(InvokeLaterDispatcher.java:96)
    [junit] 	at com.sun.glass.ui.gtk.GtkApplication._runLoop(Native Method)
    [junit] 	at com.sun.glass.ui.gtk.GtkApplication.lambda$runLoop$11(GtkApplication.java:277)
    [junit] 	at java.base/java.lang.Thread.run(Thread.java:834)
    [junit] Exception in thread "JavaFX Application Thread" java.lang.NullPointerException
    [junit] 	at com.sun.javafx.webkit.prism.WCFontImpl.getFont(WCFontImpl.java:54)
    [junit] 	at com.sun.javafx.webkit.prism.PrismGraphicsManager.getWCFont(PrismGraphicsManager.java:84)
    [junit] 	at com.sun.webkit.WebPage.twkInit(Native Method)
    [junit] 	at com.sun.webkit.WebPage.<init>(WebPage.java:192)
    [junit] 	at javafx.scene.web.WebEngine.<init>(WebEngine.java:841)
    [junit] 	at javafx.scene.web.WebEngine.<init>(WebEngine.java:826)
    [junit] 	at javafx.scene.web.WebView.<init>(WebView.java:260)
    [junit] 	at chs.teamplay.TeamPlayTab.lambda$new$0(TeamPlayTab.java:97)
    [junit] 	at com.sun.javafx.application.PlatformImpl.lambda$runLater$10(PlatformImpl.java:428)
    [junit] 	at java.base/java.security.AccessController.doPrivileged(Native Method)
    [junit] 	at com.sun.javafx.application.PlatformImpl.lambda$runLater$11(PlatformImpl.java:427)
    [junit] 	at com.sun.glass.ui.InvokeLaterDispatcher$Future.run(InvokeLaterDispatcher.java:96)
    [junit] 	at com.sun.glass.ui.gtk.GtkApplication._runLoop(Native Method)
    [junit] 	at com.sun.glass.ui.gtk.GtkApplication.lambda$runLoop$11(GtkApplication.java:277)
    [junit] 	at java.base/java.lang.Thread.run(Thread.java:834)
    [junit] Compiled method (c1)   13006 3315       3       java.io.OutputStream::flush (1 bytes)
    [junit]  total in heap  [0x00002b370d5eba90,0x00002b370d5ebde0] = 848
    [junit]  relocation     [0x00002b370d5ebc08,0x00002b370d5ebc30] = 40
    [junit]  main code      [0x00002b370d5ebc40,0x00002b370d5ebd00] = 192
    [junit]  stub code      [0x00002b370d5ebd00,0x00002b370d5ebd90] = 144
    [junit]  metadata       [0x00002b370d5ebd90,0x00002b370d5ebd98] = 8
    [junit]  scopes data    [0x00002b370d5ebd98,0x00002b370d5ebda8] = 16
    [junit]  scopes pcs     [0x00002b370d5ebda8,0x00002b370d5ebdd8] = 48
    [junit]  dependencies   [0x00002b370d5ebdd8,0x00002b370d5ebde0] = 8
    [junit] #
    [junit] # If you would like to submit a bug report, please visit:
    [junit] #   http://bugreport.java.com/bugreport/crash.jsp
    [junit] # The crash happened outside the Java Virtual Machine in native code.
    [junit] # See problematic frame for where to report the bug.
    [junit] #
    [junit] Test chs.teamplay.comments.CommentsTabEditingTest FAILED
    [junit] Running chs.teamplay.comments.CommentsTabTest
    [junit] 
    [junit] (java:9090): dbind-WARNING **: 00:30:44.966: Couldn't connect to accessibility bus: Failed to connect to socket /tmp/dbus-qWZs01I6vD: Connection refused
    [junit] Tests run: 10, Failures: 0, Errors: 0, Skipped: 0, Time elapsed: 13.231 sec
    [junit] Running chs.teamplay.comments.NotesTabEditingTest
    [junit] 
    [junit] (java:9967): dbind-WARNING **: 00:31:01.317: Couldn't connect to accessibility bus: Failed to connect to socket /tmp/dbus-qWZs01I6vD: Connection refused
    [junit] Tests run: 3, Failures: 0, Errors: 0, Skipped: 0, Time elapsed: 10.163 sec
    [junit] #
    [junit] # A fatal error has been detected by the Java Runtime Environment:
    [junit] #
    [junit] #  SIGSEGV (0xb) at pc=0x00002ba4ad520d46, pid=9967, tid=11013
    [junit] #
    [junit] # JRE version: OpenJDK Runtime Environment (11.0.4+11) (build 11.0.4-ojdkbuild+11)
    [junit] # Java VM: OpenJDK 64-Bit Server VM (11.0.4-ojdkbuild+11, mixed mode, tiered, compressed oops, g1 gc, linux-amd64)
    [junit] # Problematic frame:
    [junit] # C  [libjfxwebkit.so+0x1520d46]  WebCore::FontCache::lastResortFallbackFont(WebCore::FontDescription const&)+0x66
    [junit] #
    [junit] # Core dump will be written. Default location: /ies/iesd_data4_nb/qualitygates/iesd-21.1/2021.1_ADP1_INT/code/iesd/core.9967
    [junit] #
    [junit] # An error report file with more information is saved as:
    [junit] # /ies/iesd_data4_nb/qualitygates/iesd-21.1/2021.1_ADP1_INT/code/iesd/hs_err_pid9967.log
    [junit] Compiled method (c1)   12238 3152       3       java.io.OutputStream::flush (1 bytes)
    [junit]  total in heap  [0x00002ba379541390,0x00002ba3795416e0] = 848
    [junit]  relocation     [0x00002ba379541508,0x00002ba379541530] = 40
    [junit]  main code      [0x00002ba379541540,0x00002ba379541600] = 192
    [junit]  stub code      [0x00002ba379541600,0x00002ba379541690] = 144
    [junit]  metadata       [0x00002ba379541690,0x00002ba379541698] = 8
    [junit]  scopes data    [0x00002ba379541698,0x00002ba3795416a8] = 16
    [junit]  scopes pcs     [0x00002ba3795416a8,0x00002ba3795416d8] = 48
    [junit]  dependencies   [0x00002ba3795416d8,0x00002ba3795416e0] = 8
    [junit] #
    [junit] # If you would like to submit a bug report, please visit:
    [junit] #   http://bugreport.java.com/bugreport/crash.jsp
    [junit] # The crash happened outside the Java Virtual Machine in native code.
    [junit] # See problematic frame for where to report the bug.
    [junit] #
    [junit] Exception in thread "JavaFX Application Thread" java.lang.NullPointerException
    [junit] 	at com.sun.javafx.webkit.prism.WCFontImpl.getFont(WCFontImpl.java:54)
    [junit] 	at com.sun.javafx.webkit.prism.PrismGraphicsManager.getWCFont(PrismGraphicsManager.java:84)
    [junit] 	at com.sun.webkit.WebPage.twkInit(Native Method)
    [junit] 	at com.sun.webkit.WebPage.<init>(WebPage.java:192)
    [junit] 	at javafx.scene.web.WebEngine.<init>(WebEngine.java:841)
    [junit] 	at javafx.scene.web.WebEngine.<init>(WebEngine.java:826)
    [junit] 	at javafx.scene.web.WebView.<init>(WebView.java:260)
    [junit] 	at chs.teamplay.TeamPlayTab.lambda$new$0(TeamPlayTab.java:97)
    [junit] 	at com.sun.javafx.application.PlatformImpl.lambda$runLater$10(PlatformImpl.java:428)
    [junit] 	at java.base/java.security.AccessController.doPrivileged(Native Method)
    [junit] 	at com.sun.javafx.application.PlatformImpl.lambda$runLater$11(PlatformImpl.java:427)
    [junit] 	at com.sun.glass.ui.InvokeLaterDispatcher$Future.run(InvokeLaterDispatcher.java:96)
    [junit] 	at com.sun.glass.ui.gtk.GtkApplication._runLoop(Native Method)
    [junit] 	at com.sun.glass.ui.gtk.GtkApplication.lambda$runLoop$11(GtkApplication.java:277)
    [junit] 	at java.base/java.lang.Thread.run(Thread.java:834)
    [junit] Exception in thread "JavaFX Application Thread" java.lang.NullPointerException
    [junit] 	at com.sun.javafx.webkit.prism.WCFontImpl.getFont(WCFontImpl.java:54)
    [junit] 	at com.sun.javafx.webkit.prism.PrismGraphicsManager.getWCFont(PrismGraphicsManager.java:84)
    [junit] 	at com.sun.webkit.WebPage.twkInit(Native Method)
    [junit] 	at com.sun.webkit.WebPage.<init>(WebPage.java:192)
    [junit] 	at javafx.scene.web.WebEngine.<init>(WebEngine.java:841)
    [junit] 	at javafx.scene.web.WebEngine.<init>(WebEngine.java:826)
    [junit] 	at javafx.scene.web.WebView.<init>(WebView.java:260)
    [junit] 	at chs.teamplay.TeamPlayTab.lambda$new$0(TeamPlayTab.java:97)
    [junit] 	at com.sun.javafx.application.PlatformImpl.lambda$runLater$10(PlatformImpl.java:428)
    [junit] 	at java.base/java.security.AccessController.doPrivileged(Native Method)
    [junit] 	at com.sun.javafx.application.PlatformImpl.lambda$runLater$11(PlatformImpl.java:427)
    [junit] 	at com.sun.glass.ui.InvokeLaterDispatcher$Future.run(InvokeLaterDispatcher.java:96)
    [junit] 	at com.sun.glass.ui.gtk.GtkApplication._runLoop(Native Method)
    [junit] 	at com.sun.glass.ui.gtk.GtkApplication.lambda$runLoop$11(GtkApplication.java:277)
    [junit] 	at java.base/java.lang.Thread.run(Thread.java:834)
    [junit] Exception in thread "JavaFX Application Thread" java.lang.NullPointerException
    [junit] 	at com.sun.javafx.webkit.prism.WCFontImpl.getFont(WCFontImpl.java:54)
    [junit] 	at com.sun.javafx.webkit.prism.PrismGraphicsManager.getWCFont(PrismGraphicsManager.java:84)
    [junit] 	at com.sun.webkit.WebPage.twkInit(Native Method)
    [junit] 	at com.sun.webkit.WebPage.<init>(WebPage.java:192)
    [junit] 	at javafx.scene.web.WebEngine.<init>(WebEngine.java:841)
    [junit] 	at javafx.scene.web.WebEngine.<init>(WebEngine.java:826)
    [junit] 	at javafx.scene.web.WebView.<init>(WebView.java:260)
    [junit] 	at chs.teamplay.TeamPlayTab.lambda$new$0(TeamPlayTab.java:97)
    [junit] 	at com.sun.javafx.application.PlatformImpl.lambda$runLater$10(PlatformImpl.java:428)
    [junit] 	at java.base/java.security.AccessController.doPrivileged(Native Method)
    [junit] 	at com.sun.javafx.application.PlatformImpl.lambda$runLater$11(PlatformImpl.java:427)
    [junit] 	at com.sun.glass.ui.InvokeLaterDispatcher$Future.run(InvokeLaterDispatcher.java:96)
    [junit] 	at com.sun.glass.ui.gtk.GtkApplication._runLoop(Native Method)
    [junit] 	at com.sun.glass.ui.gtk.GtkApplication.lambda$runLoop$11(GtkApplication.java:277)
    [junit] 	at java.base/java.lang.Thread.run(Thread.java:834)
    [junit] Test chs.teamplay.comments.NotesTabEditingTest FAILED
    [junit] Running chs.teamplay.comments.ResolvedCommentsEmailHTMLGeneratorTest
    [junit] Tests run: 2, Failures: 0, Errors: 0, Skipped: 0, Time elapsed: 8.729 sec
    [junit] Running chs.teamplay.common.BlinkActiveJFXDialogTest
    [junit] 
    [junit] (java:12024): dbind-WARNING **: 00:31:27.418: Couldn't connect to accessibility bus: Failed to connect to socket /tmp/dbus-qWZs01I6vD: Connection refused
    [junit] Tests run: 3, Failures: 0, Errors: 0, Skipped: 0, Time elapsed: 9.954 sec
    [junit] Running chs.teamplay.common.FilterDeletedObjectsFunctionTest
    [junit] Tests run: 3, Failures: 0, Errors: 0, Skipped: 0, Time elapsed: 10.408 sec
    [junit] Running chs.teamplay.common.HTMLViewSearchHandlerTest
    [junit] Tests run: 10, Failures: 0, Errors: 0, Skipped: 0, Time elapsed: 9.693 sec
    [junit] Running chs.teamplay.common.HyperlinkActionTypeTest
    [junit] Tests run: 20, Failures: 0, Errors: 0, Skipped: 0, Time elapsed: 9.175 sec

BUILD SUCCESSFUL
Total time: 3 minutes 30 seconds
-- Wed May  5 00:32:06 2021: ant  -Dbuild_vco=aol -Dbuild_env=linux -propertyfile /ies/iesd_data3_nb/iesdwa/qualitygates/wa/2021.1_ADP1_INT/code/iesd/build.properties -Dchs.build.skiptestexports=true -Dcapital.testlist.path=/ies/iesd_data3_nb/iesdwa/qualitygates/wa/2021.1_ADP1_INT/code/iesd/chs_home/bld/testjobs.linux/job.458.txt runtestsonlyqg -f /ies/iesd_data3_nb/iesdwa/qualitygates/wa/2021.1_ADP1_INT/code/iesd/cframework_src/tests/build.xml DONE in 211984ms
-- Wed May  5 00:32:06 2021: TestListExecutor /ies/iesd_data3_nb/iesdwa/qualitygates/wa/2021.1_ADP1_INT/code/iesd/chs_home/bld/testjobs.linux/job.458.txt DONE in 212003ms
-- Wed May  5 00:32:06 2021: /ies/iesd_data11/iesdgridhome/scripts/prod/BuildScripts/bin/rununittest.pl DONE - exit code : 0
