-- Tue Jun 22 17:31:32 2021: G:/iesdwa/qualitygates/wa/2021.1_ADP1_DEV_installer_porting/code/iesd/chs_home/bld/bin/ant -propertyfile G:/iesdwa/qualitygates/wa/2021.1_ADP1_DEV_installer_porting/code/iesd/build.windows.properties -Dsrc_file="C:/repos/iesd/chs_home.zip" -Dchecksum_file="G:/iesdwa/qualitygates/wa/2021.1_ADP1_DEV_installer_porting/code/iesd/chs_home.zip.MD5"  verify-checksum -f G:/iesdwa/qualitygates/wa/2021.1_ADP1_DEV_installer_porting/code/iesd/infrastructure_src/src/build.xml
Buildfile: G:\iesdwa\qualitygates\wa\2021.1_ADP1_DEV_installer_porting\code\iesd\infrastructure_src\src\build.xml
Trying to override old definition of task jar

verify-checksum:
     [echo] Generated checksum of source - c6f3c97868a1e3cfc329c6443a9f30e7
     [echo] Generated checksum of dest   - ed558ec7d76f2bf2011d9b5dcad363ed
     [echo] Checksum does not match? : true

BUILD FAILED
G:\iesdwa\qualitygates\wa\2021.1_ADP1_DEV_installer_porting\code\iesd\infrastructure_src\src\build.xml:1907: Checksum mismatch between C:/repos/iesd/chs_home.zip : ed558ec7d76f2bf2011d9b5dcad363ed and G:/iesdwa/qualitygates/wa/2021.1_ADP1_DEV_installer_porting/code/iesd/chs_home.zip.MD5 : c6f3c97868a1e3cfc329c6443a9f30e7

Total time: 38 seconds
-- Tue Jun 22 17:32:15 2021: G:/iesdwa/qualitygates/wa/2021.1_ADP1_DEV_installer_porting/code/iesd/chs_home/bld/bin/ant -propertyfile G:/iesdwa/qualitygates/wa/2021.1_ADP1_DEV_installer_porting/code/iesd/build.windows.properties -Dget-file-url="http://ies-iesd-qgweb.ies.mentorg.com:8080/qualitygates/wa/2021.1_ADP1_DEV_installer_porting/code/iesd/chs_home.zip" -Dget-file-dest="C:/repos/iesd/chs_home.zip" get-file -f G:/iesdwa/qualitygates/wa/2021.1_ADP1_DEV_installer_porting/code/iesd/infrastructure_src/src/build.xml
Buildfile: G:\iesdwa\qualitygates\wa\2021.1_ADP1_DEV_installer_porting\code\iesd\infrastructure_src\src\build.xml
Trying to override old definition of task jar

get-file:
      [get] Getting: http://ies-iesd-qgweb.ies.mentorg.com:8080/qualitygates/wa/2021.1_ADP1_DEV_installer_porting/code/iesd/chs_home.zip
      [get] To: C:\repos\iesd\chs_home.zip

BUILD SUCCESSFUL
Total time: 1 minute 17 seconds
-- Tue Jun 22 17:33:36 2021: G:/iesdwa/qualitygates/wa/2021.1_ADP1_DEV_installer_porting/code/iesd/chs_home/bld/bin/ant -propertyfile G:/iesdwa/qualitygates/wa/2021.1_ADP1_DEV_installer_porting/code/iesd/build.windows.properties -Dsrc_file="C:/repos/iesd/chs_home.zip" -Dchecksum_file="G:/iesdwa/qualitygates/wa/2021.1_ADP1_DEV_installer_porting/code/iesd/chs_home.zip.MD5"  verify-checksum -f G:/iesdwa/qualitygates/wa/2021.1_ADP1_DEV_installer_porting/code/iesd/infrastructure_src/src/build.xml
Buildfile: G:\iesdwa\qualitygates\wa\2021.1_ADP1_DEV_installer_porting\code\iesd\infrastructure_src\src\build.xml
Trying to override old definition of task jar

verify-checksum:
     [echo] Generated checksum of source - c6f3c97868a1e3cfc329c6443a9f30e7
     [echo] Generated checksum of dest   - c6f3c97868a1e3cfc329c6443a9f30e7
     [echo] Checksum does not match? : ${checksumDoesNotMatch}

BUILD SUCCESSFUL
Total time: 17 seconds
-- Tue Jun 22 17:33:55 2021: IESD::ChsHomeUtil::downloadAndExtractBuildZip - Deleting chs_home dir: C:/repos/iesd/chs_home.
-- Tue Jun 22 17:34:13 2021: Directory 'C:/repos/iesd/chs_home' deleted.
-- Tue Jun 22 17:34:13 2021: Total time: 18.284 seconds
-- Tue Jun 22 17:34:13 2021: 7z x C:/repos/iesd/chs_home.zip -y -oC:/repos/iesd/chs_home
-- Tue Jun 22 17:35:05 2021: Total time: 51.820 seconds
-- Tue Jun 22 17:35:05 2021: C:/repos/iesd/chs_home/bld/bin/ant -propertyfile G:/iesdwa/qualitygates/wa/2021.1_ADP1_DEV_installer_porting/code/iesd/build.windows.properties -Dchshome=C:/repos/iesd/chs_home -Dchs.home=C:/repos/iesd/chs_home -Dchsbuildtools_home=C:/repos/iesd/chs_home/bld -Dtest.results.base=G:/iesdwa/qualitygates/wa/2021.1_ADP1_DEV_installer_porting/code/iesd/chs_home/bld/testresults  -Dchs.build.skiptestexports=true -Dcapital.testlist.path=G:/iesdwa/qualitygates/wa/2021.1_ADP1_DEV_installer_porting/code/iesd/chs_home/bld/testjobs.windows/job.32.txt runtestsonlyqg -f G:/iesdwa/qualitygates/wa/2021.1_ADP1_DEV_installer_porting/code/iesd/cbridges_src/tests/build.xml
Buildfile: G:\iesdwa\qualitygates\wa\2021.1_ADP1_DEV_installer_porting\code\iesd\cbridges_src\tests\build.xml
Trying to override old definition of task jar
   [script] Warning: Nashorn engine is planned to be removed from a future JDK release

initJaCoCoExecFilePerJob:
     [echo] jacoco.execfileprefix = windows.job.32

-os-init-linux:

extendedtestsinit:
[propertyreset] Warning: Nashorn engine is planned to be removed from a future JDK release
     [echo] Test results directory, G:/iesdwa/qualitygates/wa/2021.1_ADP1_DEV_installer_porting/code/iesd/chs_home/bld/testresults/bridges exists.

instrument:

runtestsonlyqg:
     [echo] Running runtestsonly from TestTargets - called from Capital Bridges Tests G:\iesdwa\qualitygates\wa\2021.1_ADP1_DEV_installer_porting\code\iesd\cbridges_src\tests\build.xml
[readtestlist] Found 43 test classes in testlist 'G:\iesdwa\qualitygates\wa\2021.1_ADP1_DEV_installer_porting\code\iesd\chs_home\bld\testjobs.windows\job.32.txt'
    [junit] Running chs.ccrs.servlet.context.CableRouterServletMappingTest
    [junit] Tests run: 2, Failures: 0, Errors: 0, Skipped: 0, Time elapsed: 0.466 sec
    [junit] Running chs.ccrs.servlet.task.AbstractCableRouterServletTaskTest
    [junit] Tests run: 3, Failures: 0, Errors: 0, Skipped: 0, Time elapsed: 0.674 sec
    [junit] Running chs.ccrs.servlet.task.responseheader.CMPICSessionAdditionTaskTest
    [junit] Tests run: 3, Failures: 0, Errors: 0, Skipped: 0, Time elapsed: 1.039 sec
    [junit] Running chs.ccrs.servlet.task.responseheader.cookieaddition.CMPICCookieBuilderTest
    [junit] Tests run: 3, Failures: 0, Errors: 0, Skipped: 0, Time elapsed: 0.616 sec
    [junit] Running chs.ccrs.servlet.task.responseheader.cookieaddition.CMPICHeaderToCookieConverterTest
    [junit] Tests run: 5, Failures: 0, Errors: 0, Skipped: 0, Time elapsed: 0.809 sec
    [junit] Running chs.ccrs.session.CMPICSessionInvalidatorTest
    [junit] Tests run: 2, Failures: 0, Errors: 0, Skipped: 0, Time elapsed: 0.886 sec
    [junit] Running chs.ccrs.session.CableRouterSessionManagerTest
    [junit] Tests run: 2, Failures: 0, Errors: 0, Skipped: 0, Time elapsed: 1.486 sec
    [junit] Running chs.ccrs.transform.AuthenticationDetailsTransformerTest
    [junit] Tests run: 1, Failures: 0, Errors: 0, Skipped: 0, Time elapsed: 0.681 sec
    [junit] Running chs.ccrs.transform.BaseCMPICRequestTransformerTest
    [junit] Tests run: 1, Failures: 0, Errors: 0, Skipped: 0, Time elapsed: 0.453 sec
    [junit] Running chs.ccrs.transform.ParameterEncodeRequestTransformerTest
    [junit] Tests run: 1, Failures: 0, Errors: 0, Skipped: 0, Time elapsed: 0.762 sec
    [junit] Running chs.ccrs.ui.message.CableRouterMessageDisplayUtilTest
    [junit] Tests run: 9, Failures: 0, Errors: 0, Skipped: 0, Time elapsed: 1.487 sec
    [junit] Running chs.ccrs.ui.message.CmpicTokenMissingMessageContentTest
    [junit] Tests run: 5, Failures: 0, Errors: 0, Skipped: 0, Time elapsed: 1.166 sec
    [junit] Running chs.ccrs.ui.message.ConfigurationMissingMessageContentTest
    [junit] Tests run: 5, Failures: 0, Errors: 0, Skipped: 0, Time elapsed: 0.756 sec
    [junit] Running chs.ccrs.ui.message.ContextMissingMessageContentTest
    [junit] Tests run: 5, Failures: 0, Errors: 0, Skipped: 0, Time elapsed: 1.017 sec
    [junit] Running chs.ccrs.ui.message.ErrorMessageConentTest
    [junit] Tests run: 5, Failures: 0, Errors: 0, Skipped: 0, Time elapsed: 0.85 sec
    [junit] Running chs.ccrs.ui.message.LicenseMessageContentTest
    [junit] Tests run: 5, Failures: 0, Errors: 0, Skipped: 0, Time elapsed: 1.059 sec
    [junit] Running chs.ccrs.ui.message.PortInUseMessageContentTest
    [junit] Tests run: 5, Failures: 0, Errors: 0, Skipped: 0, Time elapsed: 1.166 sec
    [junit] Running chs.ccrs.ui.message.PortNotConfiguredMessageContentTest
    [junit] Tests run: 5, Failures: 0, Errors: 0, Skipped: 0, Time elapsed: 0.789 sec
    [junit] Running chs.ccrs.ui.message.ServerURLMissingMessageContentTest
    [junit] Tests run: 5, Failures: 0, Errors: 0, Skipped: 0, Time elapsed: 0.708 sec
    [junit] Running chs.ccrs.util.CableRouterLicenseUtilTest
    [junit] Tests run: 2, Failures: 0, Errors: 0, Skipped: 0, Time elapsed: 0.742 sec
    [junit] Running chs.ccrs.util.CableRouterSessionUtilTest
    [junit] Tests run: 4, Failures: 0, Errors: 0, Skipped: 0, Time elapsed: 0.794 sec
    [junit] Running chs.ccrs.validate.CMPICXMLSchemaManagerTest
    [junit] Tests run: 3, Failures: 0, Errors: 0, Skipped: 0, Time elapsed: 1.276 sec
    [junit] Running chs.ccrs.validate.CMPICXMLValidatorExceptionHandlingTest
    [junit] Tests run: 1, Failures: 0, Errors: 0, Skipped: 0, Time elapsed: 1.134 sec
    [junit] Running chs.ccrs.validate.CMPICXMLValidatorTest
    [junit] Tests run: 4, Failures: 0, Errors: 0, Skipped: 0, Time elapsed: 1.463 sec
    [junit] Running chs.ccrs.validate.CableRouterExternalSchemaReferenceResolverTest
    [junit] Tests run: 1, Failures: 0, Errors: 0, Skipped: 0, Time elapsed: 0.716 sec
    [junit] Running chs.ccrs.validate.CableRouterSessionValidatorTest
    [junit] Tests run: 3, Failures: 0, Errors: 0, Skipped: 0, Time elapsed: 0.931 sec
    [junit] Running chs.ccrs.validate.DefaultLSInputTest
    [junit] Tests run: 1, Failures: 0, Errors: 0, Skipped: 0, Time elapsed: 0.468 sec
    [junit] Running chs.cis.DesignRevisionningServiceTest
    [junit] Tests run: 1, Failures: 0, Errors: 0, Skipped: 0, Time elapsed: 12.076 sec
    [junit] Running chs.cis.ExportSecurity001Test
    [junit] Tests run: 2, Failures: 0, Errors: 0, Skipped: 0, Time elapsed: 3.913 sec
    [junit] Running chs.cis.ExportSecurityDataTest
    [junit] Tests run: 1, Failures: 0, Errors: 0, Skipped: 0, Time elapsed: 1.009 sec
    [junit] Running chs.cis.ImportBuildListsCISFlowTest
    [junit] Tests run: 2, Failures: 0, Errors: 0, Skipped: 0, Time elapsed: 7.753 sec
    [junit] Running chs.cis.LibraryExportPartsService001Test
    [junit] Tests run: 1, Failures: 0, Errors: 0, Skipped: 0, Time elapsed: 10.114 sec
    [junit] Running chs.cis.SVGSymbol001Test
    [junit] Tests run: 8, Failures: 0, Errors: 0, Skipped: 0, Time elapsed: 8.915 sec
    [junit] Running chs.cis.services.BatchSetEffectivityOnDesignsServiceTest
    [junit] Tests run: 21, Failures: 0, Errors: 0, Skipped: 0, Time elapsed: 5.564 sec
    [junit] Running chs.cis.services.SecurityImporterServiceExceptionHandlingTest
    [junit] Tests run: 2, Failures: 0, Errors: 0, Skipped: 0, Time elapsed: 8.998 sec
    [junit] Running chs.nx.ConnectNXRemoteServerImplTest
    [junit] Tests run: 2, Failures: 0, Errors: 0, Skipped: 0, Time elapsed: 2.176 sec
    [junit] Running chs.reflectiontests.EnterpriseReporterIllegalStaticsTest
    [junit] Tests run: 1, Failures: 0, Errors: 0, Skipped: 0, Time elapsed: 72.986 sec
    [junit] Running chs.reporter.Set1ProjectReporterTest
    [junit] Tests run: 1, Failures: 0, Errors: 0, Skipped: 0, Time elapsed: 79.296 sec
    [junit] Running chs.reporter.Set2ProjectReporterTest
    [junit] Tests run: 1, Failures: 0, Errors: 0, Skipped: 0, Time elapsed: 43.838 sec
    [junit] Running chs.reporter.Set3ProjectReporterTest
    [junit] Tests run: 1, Failures: 0, Errors: 0, Skipped: 0, Time elapsed: 52.198 sec
    [junit] Running chs.reporter.Set4ProjectReporterTest
    [junit] WARNING: An illegal reflective access operation has occurred
    [junit] WARNING: Illegal reflective access by chs.utility.helpers.Java8CompatibleFontMetricsUtil (file:/C:/repos/iesd/chs_home/lib/capitalcofutils.jar) to field sun.font.FontDesignMetrics.ascent
    [junit] WARNING: Please consider reporting this to the maintainers of chs.utility.helpers.Java8CompatibleFontMetricsUtil
    [junit] WARNING: Use --illegal-access=warn to enable warnings of further illegal reflective access operations
    [junit] WARNING: All illegal access operations will be denied in a future release
    [junit] Tests run: 1, Failures: 0, Errors: 0, Skipped: 0, Time elapsed: 60.323 sec
    [junit] Running chs.reporter.Set6ProjectReporterTest
    [junit] Tests run: 1, Failures: 0, Errors: 0, Skipped: 0, Time elapsed: 40.885 sec
    [junit] Running chs.rest.service.common.BridgeOutBackshellAsConnectorTest
    [junit] WARNING: An illegal reflective access operation has occurred
    [junit] WARNING: Illegal reflective access by chs.utility.helpers.Java8CompatibleFontMetricsUtil (file:/C:/repos/iesd/chs_home/lib/capitalcofutils.jar) to field sun.font.FontDesignMetrics.ascent
    [junit] WARNING: Please consider reporting this to the maintainers of chs.utility.helpers.Java8CompatibleFontMetricsUtil
    [junit] WARNING: Use --illegal-access=warn to enable warnings of further illegal reflective access operations
    [junit] WARNING: All illegal access operations will be denied in a future release
    [junit] Tests run: 1, Failures: 0, Errors: 0, Skipped: 0, Time elapsed: 11.315 sec

BUILD SUCCESSFUL
Total time: 16 minutes 15 seconds
