-- Tue Jun 22 17:31:19 2021: G:/iesdwa/qualitygates/wa/2021.1_ADP1_DEV_installer_porting/code/iesd/chs_home/bld/bin/ant -propertyfile G:/iesdwa/qualitygates/wa/2021.1_ADP1_DEV_installer_porting/code/iesd/build.windows.properties -Dsrc_file="C:/repos/iesd/chs_home.zip" -Dchecksum_file="G:/iesdwa/qualitygates/wa/2021.1_ADP1_DEV_installer_porting/code/iesd/chs_home.zip.MD5"  verify-checksum -f G:/iesdwa/qualitygates/wa/2021.1_ADP1_DEV_installer_porting/code/iesd/infrastructure_src/src/build.xml
Buildfile: G:\iesdwa\qualitygates\wa\2021.1_ADP1_DEV_installer_porting\code\iesd\infrastructure_src\src\build.xml
Trying to override old definition of task jar

verify-checksum:
     [echo] Generated checksum of source - c6f3c97868a1e3cfc329c6443a9f30e7
     [echo] Generated checksum of dest   - ed558ec7d76f2bf2011d9b5dcad363ed
     [echo] Checksum does not match? : true

BUILD FAILED
G:\iesdwa\qualitygates\wa\2021.1_ADP1_DEV_installer_porting\code\iesd\infrastructure_src\src\build.xml:1907: Checksum mismatch between C:/repos/iesd/chs_home.zip : ed558ec7d76f2bf2011d9b5dcad363ed and G:/iesdwa/qualitygates/wa/2021.1_ADP1_DEV_installer_porting/code/iesd/chs_home.zip.MD5 : c6f3c97868a1e3cfc329c6443a9f30e7

Total time: 37 seconds
-- Tue Jun 22 17:32:14 2021: G:/iesdwa/qualitygates/wa/2021.1_ADP1_DEV_installer_porting/code/iesd/chs_home/bld/bin/ant -propertyfile G:/iesdwa/qualitygates/wa/2021.1_ADP1_DEV_installer_porting/code/iesd/build.windows.properties -Dget-file-url="http://ies-iesd-qgweb.ies.mentorg.com:8080/qualitygates/wa/2021.1_ADP1_DEV_installer_porting/code/iesd/chs_home.zip" -Dget-file-dest="C:/repos/iesd/chs_home.zip" get-file -f G:/iesdwa/qualitygates/wa/2021.1_ADP1_DEV_installer_porting/code/iesd/infrastructure_src/src/build.xml
Buildfile: G:\iesdwa\qualitygates\wa\2021.1_ADP1_DEV_installer_porting\code\iesd\infrastructure_src\src\build.xml
Trying to override old definition of task jar

get-file:
      [get] Getting: http://ies-iesd-qgweb.ies.mentorg.com:8080/qualitygates/wa/2021.1_ADP1_DEV_installer_porting/code/iesd/chs_home.zip
      [get] To: C:\repos\iesd\chs_home.zip

BUILD SUCCESSFUL
Total time: 1 minute 20 seconds
-- Tue Jun 22 17:33:35 2021: G:/iesdwa/qualitygates/wa/2021.1_ADP1_DEV_installer_porting/code/iesd/chs_home/bld/bin/ant -propertyfile G:/iesdwa/qualitygates/wa/2021.1_ADP1_DEV_installer_porting/code/iesd/build.windows.properties -Dsrc_file="C:/repos/iesd/chs_home.zip" -Dchecksum_file="G:/iesdwa/qualitygates/wa/2021.1_ADP1_DEV_installer_porting/code/iesd/chs_home.zip.MD5"  verify-checksum -f G:/iesdwa/qualitygates/wa/2021.1_ADP1_DEV_installer_porting/code/iesd/infrastructure_src/src/build.xml
Buildfile: G:\iesdwa\qualitygates\wa\2021.1_ADP1_DEV_installer_porting\code\iesd\infrastructure_src\src\build.xml
Trying to override old definition of task jar

verify-checksum:
     [echo] Generated checksum of source - c6f3c97868a1e3cfc329c6443a9f30e7
     [echo] Generated checksum of dest   - c6f3c97868a1e3cfc329c6443a9f30e7
     [echo] Checksum does not match? : ${checksumDoesNotMatch}

BUILD SUCCESSFUL
Total time: 15 seconds
-- Tue Jun 22 17:33:52 2021: IESD::ChsHomeUtil::downloadAndExtractBuildZip - Deleting chs_home dir: C:/repos/iesd/chs_home.
-- Tue Jun 22 17:34:08 2021: Directory 'C:/repos/iesd/chs_home' deleted.
-- Tue Jun 22 17:34:08 2021: Total time: 15.756 seconds
-- Tue Jun 22 17:34:08 2021: 7z x C:/repos/iesd/chs_home.zip -y -oC:/repos/iesd/chs_home
-- Tue Jun 22 17:34:49 2021: Total time: 41.452 seconds
-- Tue Jun 22 17:34:49 2021: C:/repos/iesd/chs_home/bld/bin/ant -propertyfile G:/iesdwa/qualitygates/wa/2021.1_ADP1_DEV_installer_porting/code/iesd/build.windows.properties -Dchshome=C:/repos/iesd/chs_home -Dchs.home=C:/repos/iesd/chs_home -Dchsbuildtools_home=C:/repos/iesd/chs_home/bld -Dtest.results.base=G:/iesdwa/qualitygates/wa/2021.1_ADP1_DEV_installer_porting/code/iesd/chs_home/bld/testresults  -Dchs.build.skiptestexports=true -Dcapital.testlist.path=G:/iesdwa/qualitygates/wa/2021.1_ADP1_DEV_installer_porting/code/iesd/chs_home/bld/testjobs.windows/job.4.txt runtestsonlyqg -f G:/iesdwa/qualitygates/wa/2021.1_ADP1_DEV_installer_porting/code/iesd/datamodel_src/tests/build.xml
Buildfile: G:\iesdwa\qualitygates\wa\2021.1_ADP1_DEV_installer_porting\code\iesd\datamodel_src\tests\build.xml
Trying to override old definition of task jar
   [script] Warning: Nashorn engine is planned to be removed from a future JDK release

initJaCoCoExecFilePerJob:
     [echo] jacoco.execfileprefix = windows.job.4

-os-init-linux:

extendedtestsinit:
[propertyreset] Warning: Nashorn engine is planned to be removed from a future JDK release
     [echo] Test results directory, G:/iesdwa/qualitygates/wa/2021.1_ADP1_DEV_installer_porting/code/iesd/chs_home/bld/testresults/datamodel exists.

instrument:

runtestsonlyqg:
     [echo] Running runtestsonly from TestTargets - called from COF Tests G:\iesdwa\qualitygates\wa\2021.1_ADP1_DEV_installer_porting\code\iesd\datamodel_src\tests\build.xml
[readtestlist] Found 50 test classes in testlist 'G:\iesdwa\qualitygates\wa\2021.1_ADP1_DEV_installer_porting\code\iesd\chs_home\bld\testjobs.windows\job.4.txt'
    [junit] Running chs.common.styles.ApplyLogicStyleSetCustomColTest
    [junit] WARNING: An illegal reflective access operation has occurred
    [junit] WARNING: Illegal reflective access by chs.utility.helpers.Java8CompatibleFontMetricsUtil (file:/C:/repos/iesd/chs_home/lib/capitalcofutils.jar) to field sun.font.FontDesignMetrics.ascent
    [junit] WARNING: Please consider reporting this to the maintainers of chs.utility.helpers.Java8CompatibleFontMetricsUtil
    [junit] WARNING: Use --illegal-access=warn to enable warnings of further illegal reflective access operations
    [junit] WARNING: All illegal access operations will be denied in a future release
    [junit] Tests run: 1, Failures: 0, Errors: 0, Skipped: 0, Time elapsed: 15.772 sec
    [junit] Running chs.common.styles.ApplyLogicStyleSetTest
    [junit] WARNING: An illegal reflective access operation has occurred
    [junit] WARNING: Illegal reflective access by chs.utility.helpers.Java8CompatibleFontMetricsUtil (file:/C:/repos/iesd/chs_home/lib/capitalcofutils.jar) to field sun.font.FontDesignMetrics.ascent
    [junit] WARNING: Please consider reporting this to the maintainers of chs.utility.helpers.Java8CompatibleFontMetricsUtil
    [junit] WARNING: Use --illegal-access=warn to enable warnings of further illegal reflective access operations
    [junit] WARNING: All illegal access operations will be denied in a future release
    [junit] Tests run: 20, Failures: 0, Errors: 0, Skipped: 0, Time elapsed: 55.7 sec
    [junit] Running chs.common.styles.ApplyPlatformStyleSetTest
    [junit] Tests run: 1, Failures: 0, Errors: 0, Skipped: 0, Time elapsed: 15.023 sec
    [junit] Running chs.common.styles.ApplyStyleWithBoundingBoxRotationJustificationTest
    [junit] Tests run: 36, Failures: 0, Errors: 0, Skipped: 0, Time elapsed: 32.502 sec
    [junit] Running chs.common.styles.ApplyStyleWithBoxingWrapBoundingBoxTest
    [junit] Tests run: 6, Failures: 0, Errors: 0, Skipped: 0, Time elapsed: 27.758 sec
    [junit] Running chs.common.styles.ApplyStyleWithExcludePositionOnObjectsJustifiedRelativeToBundleTest
    [junit] Tests run: 1, Failures: 0, Errors: 0, Skipped: 0, Time elapsed: 29.117 sec
    [junit] Running chs.common.styles.ApplyTopologyStyleSetTest
    [junit] WARNING: An illegal reflective access operation has occurred
    [junit] WARNING: Illegal reflective access by chs.utility.helpers.Java8CompatibleFontMetricsUtil (file:/C:/repos/iesd/chs_home/lib/capitalcofutils.jar) to field sun.font.FontDesignMetrics.ascent
    [junit] WARNING: Please consider reporting this to the maintainers of chs.utility.helpers.Java8CompatibleFontMetricsUtil
    [junit] WARNING: Use --illegal-access=warn to enable warnings of further illegal reflective access operations
    [junit] WARNING: All illegal access operations will be denied in a future release
    [junit] Tests run: 7, Failures: 0, Errors: 0, Skipped: 0, Time elapsed: 38.192 sec
    [junit] Running chs.common.styles.ConnectorOrientationTest
    [junit] Tests run: 1, Failures: 0, Errors: 0, Skipped: 0, Time elapsed: 17.851 sec
    [junit] Running chs.common.styles.FEAT00013738RotateBundleTest
    [junit] WARNING: An illegal reflective access operation has occurred
    [junit] WARNING: Illegal reflective access by chs.utility.helpers.Java8CompatibleFontMetricsUtil (file:/C:/repos/iesd/chs_home/lib/capitalcofutils.jar) to field sun.font.FontDesignMetrics.ascent
    [junit] WARNING: Please consider reporting this to the maintainers of chs.utility.helpers.Java8CompatibleFontMetricsUtil
    [junit] WARNING: Use --illegal-access=warn to enable warnings of further illegal reflective access operations
    [junit] WARNING: All illegal access operations will be denied in a future release
    [junit] Tests run: 1, Failures: 0, Errors: 0, Skipped: 0, Time elapsed: 19.063 sec
    [junit] Running chs.common.styles.FEAT13700FreeRotateTest
    [junit] Tests run: 1, Failures: 0, Errors: 0, Skipped: 0, Time elapsed: 19.649 sec
    [junit] Running chs.common.styles.HarnessPluginTableStyleTest
    [junit] Tests run: 1, Failures: 0, Errors: 0, Skipped: 0, Time elapsed: 18.394 sec
    [junit] Running chs.common.styles.HarnessStylingCustomPreferenceTest
    [junit] Tests run: 1, Failures: 0, Errors: 0, Skipped: 0, Time elapsed: 15.631 sec
    [junit] Running chs.common.styles.HarnessStylingLeaderLineTest
    [junit] Tests run: 1, Failures: 0, Errors: 0, Skipped: 0, Time elapsed: 16.762 sec
    [junit] Running chs.common.styles.HideEmptyCavityStyleTest
    [junit] WARNING: An illegal reflective access operation has occurred
    [junit] WARNING: Illegal reflective access by chs.utility.helpers.Java8CompatibleFontMetricsUtil (file:/C:/repos/iesd/chs_home/lib/capitalcofutils.jar) to field sun.font.FontDesignMetrics.ascent
    [junit] WARNING: Please consider reporting this to the maintainers of chs.utility.helpers.Java8CompatibleFontMetricsUtil
    [junit] WARNING: Use --illegal-access=warn to enable warnings of further illegal reflective access operations
    [junit] WARNING: All illegal access operations will be denied in a future release
    [junit] Tests run: 1, Failures: 0, Errors: 0, Skipped: 0, Time elapsed: 16.896 sec
    [junit] Running chs.common.styles.HtmlPluginTableToggleColorTest
    [junit] WARNING: An illegal reflective access operation has occurred
    [junit] WARNING: Illegal reflective access by chs.utility.helpers.Java8CompatibleFontMetricsUtil (file:/C:/repos/iesd/chs_home/lib/capitalcofutils.jar) to field sun.font.FontDesignMetrics.ascent
    [junit] WARNING: Please consider reporting this to the maintainers of chs.utility.helpers.Java8CompatibleFontMetricsUtil
    [junit] WARNING: Use --illegal-access=warn to enable warnings of further illegal reflective access operations
    [junit] WARNING: All illegal access operations will be denied in a future release
    [junit] Tests run: 1, Failures: 0, Errors: 0, Skipped: 0, Time elapsed: 15.732 sec
    [junit] Running chs.common.styles.InsulationLayersTest
    [junit] Tests run: 1, Failures: 0, Errors: 0, Skipped: 0, Time elapsed: 17.526 sec
    [junit] Running chs.common.styles.MultipleHeaderPanelTest
    [junit] WARNING: An illegal reflective access operation has occurred
    [junit] WARNING: Illegal reflective access by chs.utility.helpers.Java8CompatibleFontMetricsUtil (file:/C:/repos/iesd/chs_home/lib/capitalcofutils.jar) to field sun.font.FontDesignMetrics.ascent
    [junit] WARNING: Please consider reporting this to the maintainers of chs.utility.helpers.Java8CompatibleFontMetricsUtil
    [junit] WARNING: Use --illegal-access=warn to enable warnings of further illegal reflective access operations
    [junit] WARNING: All illegal access operations will be denied in a future release
    [junit] Tests run: 1, Failures: 0, Errors: 0, Skipped: 0, Time elapsed: 16.18 sec
    [junit] Running chs.common.styles.OriginPropertyNameTest
    [junit] Tests run: 1, Failures: 0, Errors: 0, Skipped: 0, Time elapsed: 13.816 sec
    [junit] Running chs.common.styles.PlaceDecorationsUsingWidthExtentTest
    [junit] WARNING: An illegal reflective access operation has occurred
    [junit] WARNING: Illegal reflective access by chs.utility.helpers.Java8CompatibleFontMetricsUtil (file:/C:/repos/iesd/chs_home/lib/capitalcofutils.jar) to field sun.font.FontDesignMetrics.ascent
    [junit] WARNING: Please consider reporting this to the maintainers of chs.utility.helpers.Java8CompatibleFontMetricsUtil
    [junit] WARNING: Use --illegal-access=warn to enable warnings of further illegal reflective access operations
    [junit] WARNING: All illegal access operations will be denied in a future release
    [junit] Tests run: 1, Failures: 0, Errors: 0, Skipped: 0, Time elapsed: 18.544 sec
    [junit] Running chs.common.styles.QueryResultDecorationTest
    [junit] Tests run: 1, Failures: 0, Errors: 0, Skipped: 0, Time elapsed: 14.85 sec
    [junit] Running chs.common.styles.RefreshLogicStyleSetTest
    [junit] Tests run: 12, Failures: 0, Errors: 0, Skipped: 0, Time elapsed: 33.831 sec
    [junit] Running chs.common.styles.ReplaceOriginPropertyTest
    [junit] Tests run: 1, Failures: 0, Errors: 0, Skipped: 0, Time elapsed: 14.522 sec
    [junit] Running chs.common.styles.StyleSymbolsUsingOriginTest
    [junit] Tests run: 1, Failures: 0, Errors: 0, Skipped: 0, Time elapsed: 15.479 sec
    [junit] Running chs.common.styles.SymbolVwFrmDirctnAndGripOnSegmentTest
    [junit] Tests run: 2, Failures: 0, Errors: 0, Skipped: 0, Time elapsed: 27.693 sec
    [junit] Running chs.common.sync.rules.UncombineShouldNotSplitMasterTopoSignalTest
    [junit] Tests run: 1, Failures: 0, Errors: 0, Skipped: 0, Time elapsed: 14.545 sec
    [junit] Running chs.common.tags.impl.groupvalidators.ExclusiveGroupFinderTest
    [junit] Tests run: 16, Failures: 0, Errors: 0, Skipped: 0, Time elapsed: 10.48 sec
    [junit] Running chs.ctf.BOMHelperTest
    [junit] Tests run: 11, Failures: 0, Errors: 0, Skipped: 0, Time elapsed: 1.918 sec
    [junit] Running chs.ctf.DuplicateFileCheckerTest
    [junit] Tests run: 11, Failures: 0, Errors: 0, Skipped: 0, Time elapsed: 2.081 sec
    [junit] Running chs.ctf.caf.ui.DesignInfoDialogUniquePartNumberAndRevisionTest
    [junit] Tests run: 5, Failures: 0, Errors: 0, Skipped: 0, Time elapsed: 25.924 sec
    [junit] Running chs.ctf.caf.ui.DesignInfoModifyDetailsDialogTest
    [junit] Tests run: 2, Failures: 0, Errors: 0, Skipped: 0, Time elapsed: 24.628 sec
    [junit] Running chs.ctf.caf.ui.FontNameRetainedOnLocaleChangeTest
    [junit] Tests run: 3, Failures: 0, Errors: 0, Skipped: 0, Time elapsed: 2.697 sec
    [junit] Running chs.ctf.comparison.CompareDesignSharedObjectDomainTest
    [junit] Tests run: 1, Failures: 0, Errors: 0, Skipped: 0, Time elapsed: 5.729 sec
    [junit] Running chs.ctf.copydesign.common.CopyIntegratorDesignTest
    [junit] Tests run: 1, Failures: 0, Errors: 0, Skipped: 0, Time elapsed: 17.624 sec
    [junit] Running chs.ctf.copydesign.common.CopyPlatformDesignTest
    [junit] Tests run: 1, Failures: 0, Errors: 0, Skipped: 0, Time elapsed: 15.162 sec
    [junit] Running chs.ctf.copydesign.common.ImportDesignSharedModularConnectorTest
    [junit] Tests run: 14, Failures: 0, Errors: 0, Skipped: 0, Time elapsed: 29.093 sec
    [junit] Running chs.ctf.copydesign.common.dts0100681067Test
    [junit] Tests run: 4, Failures: 0, Errors: 0, Skipped: 0, Time elapsed: 25.198 sec
    [junit] Running chs.ctf.copydesign.common.dts0101391617Test
    [junit] Tests run: 7, Failures: 0, Errors: 0, Skipped: 0, Time elapsed: 26.018 sec
    [junit] Running chs.ctf.drc.HarnessDRCWithLibraryTest
    [junit] WARNING: An illegal reflective access operation has occurred
    [junit] WARNING: Illegal reflective access by chs.utility.helpers.Java8CompatibleFontMetricsUtil (file:/C:/repos/iesd/chs_home/lib/capitalcofutils.jar) to field sun.font.FontDesignMetrics.ascent
    [junit] WARNING: Please consider reporting this to the maintainers of chs.utility.helpers.Java8CompatibleFontMetricsUtil
    [junit] WARNING: Use --illegal-access=warn to enable warnings of further illegal reflective access operations
    [junit] WARNING: All illegal access operations will be denied in a future release
    [junit] Tests run: 1, Failures: 0, Errors: 0, Skipped: 0, Time elapsed: 19.686 sec
    [junit] Running chs.ctf.drc.harness.HarnCheckUnterminatedWireEndTest
    [junit] Tests run: 3, Failures: 0, Errors: 0, Skipped: 0, Time elapsed: 23.644 sec
    [junit] Running chs.ctf.ui.copydesign.common.ImportDesignCmdLockFailureTest
    [junit] Tests run: 2, Failures: 0, Errors: 0, Skipped: 0, Time elapsed: 13.329 sec
    [junit] Running chs.ctf.ui.copydesign.common.shared.CopyDesignSharedMulticoreProcessorTest
    [junit] Tests run: 1, Failures: 0, Errors: 0, Skipped: 0, Time elapsed: 6.661 sec
    [junit] Running chs.ctf.ui.engineeringchangeorder.common.EffectivityBuilderDialogModeTest
    [junit] Tests run: 3, Failures: 0, Errors: 0, Skipped: 0, Time elapsed: 3.298 sec
    [junit] Running chs.ctf.ui.form.preferences.ErrorReportingBeanGuidanceLabelTest
    [junit] Tests run: 1, Failures: 0, Errors: 0, Skipped: 0, Time elapsed: 2.403 sec
    [junit] Running chs.ctf.ui.form.preferences.ErrorReportingBeanPrivacyPolicyLabelTest
    [junit] Tests run: 4, Failures: 0, Errors: 0, Skipped: 0, Time elapsed: 2.584 sec
    [junit] Running chs.ctf.ui.form.preferences.ErrorReportingBeanSanitizeTest
    [junit] Tests run: 6, Failures: 0, Errors: 0, Skipped: 0, Time elapsed: 3.032 sec
    [junit] Running chs.ctf.ui.form.preferences.ErrorReportingBeanTest
    [junit] Tests run: 2, Failures: 0, Errors: 0, Skipped: 0, Time elapsed: 2.726 sec
    [junit] Running chs.ctf.ui.form.sbom.workbooktemplateeditor.controls.EditorColorTablePreviewTest
    [junit] Tests run: 16, Failures: 0, Errors: 0, Skipped: 0, Time elapsed: 3.163 sec
    [junit] Running chs.ctf.ui.form.styles.FontRetainedOnLocaleChangeInFontPanelTest
    [junit] Tests run: 1, Failures: 0, Errors: 0, Skipped: 0, Time elapsed: 3.313 sec
    [junit] Running chs.extension.api.mailservice.PXServiceEventHandlerTest
    [junit] Tests run: 11, Failures: 0, Errors: 0, Skipped: 0, Time elapsed: 19.316 sec
    [junit] Running chs.quincy.ApacheVirtualFileSystemTest
    [junit] Tests run: 16, Failures: 0, Errors: 0, Skipped: 0, Time elapsed: 2.602 sec

BUILD SUCCESSFUL
Total time: 38 minutes 54 seconds
